[2023-09-27 10:41:48] local.ERROR: Class "PDO" not found {"exception":"[object] (Error(code: 0): Class \"PDO\" not found at /home/enriibvc/vinotasting.enricharcane.info/vendor/laravel/framework/src/Illuminate/Database/Connection.php:1718)
[stacktrace]
#0 /home/enriibvc/vinotasting.enricharcane.info/vendor/laravel/framework/src/Illuminate/Database/Connectors/ConnectionFactory.php(265): Illuminate\\Database\\Connection::getResolver()
#1 /home/enriibvc/vinotasting.enricharcane.info/vendor/laravel/framework/src/Illuminate/Database/Connectors/ConnectionFactory.php(76): Illuminate\\Database\\Connectors\\ConnectionFactory->createConnection()
#2 /home/enriibvc/vinotasting.enricharcane.info/vendor/laravel/framework/src/Illuminate/Database/Connectors/ConnectionFactory.php(50): Illuminate\\Database\\Connectors\\ConnectionFactory->createSingleConnection()
#3 /home/enriibvc/vinotasting.enricharcane.info/vendor/laravel/framework/src/Illuminate/Database/DatabaseManager.php(152): Illuminate\\Database\\Connectors\\ConnectionFactory->make()
#4 /home/enriibvc/vinotasting.enricharcane.info/vendor/laravel/framework/src/Illuminate/Database/DatabaseManager.php(101): Illuminate\\Database\\DatabaseManager->makeConnection()
#5 /home/enriibvc/vinotasting.enricharcane.info/vendor/laravel/framework/src/Illuminate/Database/Eloquent/Model.php(1818): Illuminate\\Database\\DatabaseManager->connection()
#6 /home/enriibvc/vinotasting.enricharcane.info/vendor/laravel/framework/src/Illuminate/Database/Eloquent/Model.php(1784): Illuminate\\Database\\Eloquent\\Model::resolveConnection()
#7 /home/enriibvc/vinotasting.enricharcane.info/vendor/laravel/framework/src/Illuminate/Database/Eloquent/Model.php(1576): Illuminate\\Database\\Eloquent\\Model->getConnection()
#8 /home/enriibvc/vinotasting.enricharcane.info/vendor/laravel/framework/src/Illuminate/Database/Eloquent/Model.php(1495): Illuminate\\Database\\Eloquent\\Model->newBaseQueryBuilder()
#9 /home/enriibvc/vinotasting.enricharcane.info/vendor/laravel/framework/src/Illuminate/Database/Eloquent/Model.php(1531): Illuminate\\Database\\Eloquent\\Model->newModelQuery()
#10 /home/enriibvc/vinotasting.enricharcane.info/vendor/laravel/framework/src/Illuminate/Database/Eloquent/Model.php(1484): Illuminate\\Database\\Eloquent\\Model->newQueryWithoutScopes()
#11 /home/enriibvc/vinotasting.enricharcane.info/vendor/laravel/framework/src/Illuminate/Database/Eloquent/Model.php(2333): Illuminate\\Database\\Eloquent\\Model->newQuery()
#12 /home/enriibvc/vinotasting.enricharcane.info/vendor/laravel/framework/src/Illuminate/Database/Eloquent/Model.php(2345): Illuminate\\Database\\Eloquent\\Model->__call()
#13 /home/enriibvc/vinotasting.enricharcane.info/app/Http/Controllers/HomeController.php(40): Illuminate\\Database\\Eloquent\\Model::__callStatic()
#14 /home/enriibvc/vinotasting.enricharcane.info/vendor/laravel/framework/src/Illuminate/Routing/Controller.php(54): App\\Http\\Controllers\\HomeController->index()
#15 /home/enriibvc/vinotasting.enricharcane.info/vendor/laravel/framework/src/Illuminate/Routing/ControllerDispatcher.php(43): Illuminate\\Routing\\Controller->callAction()
#16 /home/enriibvc/vinotasting.enricharcane.info/vendor/laravel/framework/src/Illuminate/Routing/Route.php(260): Illuminate\\Routing\\ControllerDispatcher->dispatch()
#17 /home/enriibvc/vinotasting.enricharcane.info/vendor/laravel/framework/src/Illuminate/Routing/Route.php(205): Illuminate\\Routing\\Route->runController()
#18 /home/enriibvc/vinotasting.enricharcane.info/vendor/laravel/framework/src/Illuminate/Routing/Router.php(799): Illuminate\\Routing\\Route->run()
#19 /home/enriibvc/vinotasting.enricharcane.info/vendor/laravel/framework/src/Illuminate/Pipeline/Pipeline.php(141): Illuminate\\Routing\\Router->Illuminate\\Routing\\{closure}()
#20 /home/enriibvc/vinotasting.enricharcane.info/vendor/laravel/framework/src/Illuminate/Routing/Middleware/SubstituteBindings.php(50): Illuminate\\Pipeline\\Pipeline->Illuminate\\Pipeline\\{closure}()
#21 /home/enriibvc/vinotasting.enricharcane.info/vendor/laravel/framework/src/Illuminate/Pipeline/Pipeline.php(180): Illuminate\\Routing\\Middleware\\SubstituteBindings->handle()
#22 /home/enriibvc/vinotasting.enricharcane.info/vendor/laravel/framework/src/Illuminate/Foundation/Http/Middleware/VerifyCsrfToken.php(78): Illuminate\\Pipeline\\Pipeline->Illuminate\\Pipeline\\{closure}()
#23 /home/enriibvc/vinotasting.enricharcane.info/vendor/laravel/framework/src/Illuminate/Pipeline/Pipeline.php(180): Illuminate\\Foundation\\Http\\Middleware\\VerifyCsrfToken->handle()
#24 /home/enriibvc/vinotasting.enricharcane.info/vendor/laravel/framework/src/Illuminate/View/Middleware/ShareErrorsFromSession.php(49): Illuminate\\Pipeline\\Pipeline->Illuminate\\Pipeline\\{closure}()
#25 /home/enriibvc/vinotasting.enricharcane.info/vendor/laravel/framework/src/Illuminate/Pipeline/Pipeline.php(180): Illuminate\\View\\Middleware\\ShareErrorsFromSession->handle()
#26 /home/enriibvc/vinotasting.enricharcane.info/vendor/laravel/framework/src/Illuminate/Session/Middleware/StartSession.php(121): Illuminate\\Pipeline\\Pipeline->Illuminate\\Pipeline\\{closure}()
#27 /home/enriibvc/vinotasting.enricharcane.info/vendor/laravel/framework/src/Illuminate/Session/Middleware/StartSession.php(64): Illuminate\\Session\\Middleware\\StartSession->handleStatefulRequest()
#28 /home/enriibvc/vinotasting.enricharcane.info/vendor/laravel/framework/src/Illuminate/Pipeline/Pipeline.php(180): Illuminate\\Session\\Middleware\\StartSession->handle()
#29 /home/enriibvc/vinotasting.enricharcane.info/vendor/laravel/framework/src/Illuminate/Cookie/Middleware/AddQueuedCookiesToResponse.php(37): Illuminate\\Pipeline\\Pipeline->Illuminate\\Pipeline\\{closure}()
#30 /home/enriibvc/vinotasting.enricharcane.info/vendor/laravel/framework/src/Illuminate/Pipeline/Pipeline.php(180): Illuminate\\Cookie\\Middleware\\AddQueuedCookiesToResponse->handle()
#31 /home/enriibvc/vinotasting.enricharcane.info/vendor/laravel/framework/src/Illuminate/Cookie/Middleware/EncryptCookies.php(67): Illuminate\\Pipeline\\Pipeline->Illuminate\\Pipeline\\{closure}()
#32 /home/enriibvc/vinotasting.enricharcane.info/vendor/laravel/framework/src/Illuminate/Pipeline/Pipeline.php(180): Illuminate\\Cookie\\Middleware\\EncryptCookies->handle()
#33 /home/enriibvc/vinotasting.enricharcane.info/vendor/laravel/framework/src/Illuminate/Pipeline/Pipeline.php(116): Illuminate\\Pipeline\\Pipeline->Illuminate\\Pipeline\\{closure}()
#34 /home/enriibvc/vinotasting.enricharcane.info/vendor/laravel/framework/src/Illuminate/Routing/Router.php(800): Illuminate\\Pipeline\\Pipeline->then()
#35 /home/enriibvc/vinotasting.enricharcane.info/vendor/laravel/framework/src/Illuminate/Routing/Router.php(777): Illuminate\\Routing\\Router->runRouteWithinStack()
#36 /home/enriibvc/vinotasting.enricharcane.info/vendor/laravel/framework/src/Illuminate/Routing/Router.php(741): Illuminate\\Routing\\Router->runRoute()
#37 /home/enriibvc/vinotasting.enricharcane.info/vendor/laravel/framework/src/Illuminate/Routing/Router.php(730): Illuminate\\Routing\\Router->dispatchToRoute()
#38 /home/enriibvc/vinotasting.enricharcane.info/vendor/laravel/framework/src/Illuminate/Foundation/Http/Kernel.php(200): Illuminate\\Routing\\Router->dispatch()
#39 /home/enriibvc/vinotasting.enricharcane.info/vendor/laravel/framework/src/Illuminate/Pipeline/Pipeline.php(141): Illuminate\\Foundation\\Http\\Kernel->Illuminate\\Foundation\\Http\\{closure}()
#40 /home/enriibvc/vinotasting.enricharcane.info/vendor/laravel/framework/src/Illuminate/Foundation/Http/Middleware/TransformsRequest.php(21): Illuminate\\Pipeline\\Pipeline->Illuminate\\Pipeline\\{closure}()
#41 /home/enriibvc/vinotasting.enricharcane.info/vendor/laravel/framework/src/Illuminate/Foundation/Http/Middleware/ConvertEmptyStringsToNull.php(31): Illuminate\\Foundation\\Http\\Middleware\\TransformsRequest->handle()
#42 /home/enriibvc/vinotasting.enricharcane.info/vendor/laravel/framework/src/Illuminate/Pipeline/Pipeline.php(180): Illuminate\\Foundation\\Http\\Middleware\\ConvertEmptyStringsToNull->handle()
#43 /home/enriibvc/vinotasting.enricharcane.info/vendor/laravel/framework/src/Illuminate/Foundation/Http/Middleware/TransformsRequest.php(21): Illuminate\\Pipeline\\Pipeline->Illuminate\\Pipeline\\{closure}()
#44 /home/enriibvc/vinotasting.enricharcane.info/vendor/laravel/framework/src/Illuminate/Foundation/Http/Middleware/TrimStrings.php(40): Illuminate\\Foundation\\Http\\Middleware\\TransformsRequest->handle()
#45 /home/enriibvc/vinotasting.enricharcane.info/vendor/laravel/framework/src/Illuminate/Pipeline/Pipeline.php(180): Illuminate\\Foundation\\Http\\Middleware\\TrimStrings->handle()
#46 /home/enriibvc/vinotasting.enricharcane.info/vendor/laravel/framework/src/Illuminate/Foundation/Http/Middleware/ValidatePostSize.php(27): Illuminate\\Pipeline\\Pipeline->Illuminate\\Pipeline\\{closure}()
#47 /home/enriibvc/vinotasting.enricharcane.info/vendor/laravel/framework/src/Illuminate/Pipeline/Pipeline.php(180): Illuminate\\Foundation\\Http\\Middleware\\ValidatePostSize->handle()
#48 /home/enriibvc/vinotasting.enricharcane.info/vendor/laravel/framework/src/Illuminate/Foundation/Http/Middleware/PreventRequestsDuringMaintenance.php(89): Illuminate\\Pipeline\\Pipeline->Illuminate\\Pipeline\\{closure}()
#49 /home/enriibvc/vinotasting.enricharcane.info/vendor/laravel/framework/src/Illuminate/Pipeline/Pipeline.php(180): Illuminate\\Foundation\\Http\\Middleware\\PreventRequestsDuringMaintenance->handle()
#50 /home/enriibvc/vinotasting.enricharcane.info/vendor/laravel/framework/src/Illuminate/Http/Middleware/HandleCors.php(49): Illuminate\\Pipeline\\Pipeline->Illuminate\\Pipeline\\{closure}()
#51 /home/enriibvc/vinotasting.enricharcane.info/vendor/laravel/framework/src/Illuminate/Pipeline/Pipeline.php(180): Illuminate\\Http\\Middleware\\HandleCors->handle()
#52 /home/enriibvc/vinotasting.enricharcane.info/vendor/laravel/framework/src/Illuminate/Http/Middleware/TrustProxies.php(39): Illuminate\\Pipeline\\Pipeline->Illuminate\\Pipeline\\{closure}()
#53 /home/enriibvc/vinotasting.enricharcane.info/vendor/laravel/framework/src/Illuminate/Pipeline/Pipeline.php(180): Illuminate\\Http\\Middleware\\TrustProxies->handle()
#54 /home/enriibvc/vinotasting.enricharcane.info/vendor/laravel/framework/src/Illuminate/Pipeline/Pipeline.php(116): Illuminate\\Pipeline\\Pipeline->Illuminate\\Pipeline\\{closure}()
#55 /home/enriibvc/vinotasting.enricharcane.info/vendor/laravel/framework/src/Illuminate/Foundation/Http/Kernel.php(175): Illuminate\\Pipeline\\Pipeline->then()
#56 /home/enriibvc/vinotasting.enricharcane.info/vendor/laravel/framework/src/Illuminate/Foundation/Http/Kernel.php(144): Illuminate\\Foundation\\Http\\Kernel->sendRequestThroughRouter()
#57 /home/enriibvc/vinotasting.enricharcane.info/public/index.php(52): Illuminate\\Foundation\\Http\\Kernel->handle()
#58 {main}
"} 
[2023-09-27 10:41:48] local.ERROR: file_put_contents(C:\Users\Enrich upani\Desktop\JP-Cars\storage\framework/sessions/ZxgsvhrtVmnkZOMeevnzmJf1pODmRJdWkiB10TxN): Failed to open stream: No such file or directory {"exception":"[object] (ErrorException(code: 0): file_put_contents(C:\\Users\\Enrich upani\\Desktop\\JP-Cars\\storage\\framework/sessions/ZxgsvhrtVmnkZOMeevnzmJf1pODmRJdWkiB10TxN): Failed to open stream: No such file or directory at /home/enriibvc/vinotasting.enricharcane.info/vendor/laravel/framework/src/Illuminate/Filesystem/Filesystem.php:205)
[stacktrace]
#0 /home/enriibvc/vinotasting.enricharcane.info/vendor/laravel/framework/src/Illuminate/Foundation/Bootstrap/HandleExceptions.php(254): Illuminate\\Foundation\\Bootstrap\\HandleExceptions->handleError()
#1 [internal function]: Illuminate\\Foundation\\Bootstrap\\HandleExceptions->Illuminate\\Foundation\\Bootstrap\\{closure}()
#2 /home/enriibvc/vinotasting.enricharcane.info/vendor/laravel/framework/src/Illuminate/Filesystem/Filesystem.php(205): file_put_contents()
#3 /home/enriibvc/vinotasting.enricharcane.info/vendor/laravel/framework/src/Illuminate/Session/FileSessionHandler.php(90): Illuminate\\Filesystem\\Filesystem->put()
#4 /home/enriibvc/vinotasting.enricharcane.info/vendor/laravel/framework/src/Illuminate/Session/Store.php(173): Illuminate\\Session\\FileSessionHandler->write()
#5 /home/enriibvc/vinotasting.enricharcane.info/vendor/laravel/framework/src/Illuminate/Session/Middleware/StartSession.php(238): Illuminate\\Session\\Store->save()
#6 /home/enriibvc/vinotasting.enricharcane.info/vendor/laravel/framework/src/Illuminate/Session/Middleware/StartSession.php(130): Illuminate\\Session\\Middleware\\StartSession->saveSession()
#7 /home/enriibvc/vinotasting.enricharcane.info/vendor/laravel/framework/src/Illuminate/Session/Middleware/StartSession.php(64): Illuminate\\Session\\Middleware\\StartSession->handleStatefulRequest()
#8 /home/enriibvc/vinotasting.enricharcane.info/vendor/laravel/framework/src/Illuminate/Pipeline/Pipeline.php(180): Illuminate\\Session\\Middleware\\StartSession->handle()
#9 /home/enriibvc/vinotasting.enricharcane.info/vendor/laravel/framework/src/Illuminate/Cookie/Middleware/AddQueuedCookiesToResponse.php(37): Illuminate\\Pipeline\\Pipeline->Illuminate\\Pipeline\\{closure}()
#10 /home/enriibvc/vinotasting.enricharcane.info/vendor/laravel/framework/src/Illuminate/Pipeline/Pipeline.php(180): Illuminate\\Cookie\\Middleware\\AddQueuedCookiesToResponse->handle()
#11 /home/enriibvc/vinotasting.enricharcane.info/vendor/laravel/framework/src/Illuminate/Cookie/Middleware/EncryptCookies.php(67): Illuminate\\Pipeline\\Pipeline->Illuminate\\Pipeline\\{closure}()
#12 /home/enriibvc/vinotasting.enricharcane.info/vendor/laravel/framework/src/Illuminate/Pipeline/Pipeline.php(180): Illuminate\\Cookie\\Middleware\\EncryptCookies->handle()
#13 /home/enriibvc/vinotasting.enricharcane.info/vendor/laravel/framework/src/Illuminate/Pipeline/Pipeline.php(116): Illuminate\\Pipeline\\Pipeline->Illuminate\\Pipeline\\{closure}()
#14 /home/enriibvc/vinotasting.enricharcane.info/vendor/laravel/framework/src/Illuminate/Routing/Router.php(800): Illuminate\\Pipeline\\Pipeline->then()
#15 /home/enriibvc/vinotasting.enricharcane.info/vendor/laravel/framework/src/Illuminate/Routing/Router.php(777): Illuminate\\Routing\\Router->runRouteWithinStack()
#16 /home/enriibvc/vinotasting.enricharcane.info/vendor/laravel/framework/src/Illuminate/Routing/Router.php(741): Illuminate\\Routing\\Router->runRoute()
#17 /home/enriibvc/vinotasting.enricharcane.info/vendor/laravel/framework/src/Illuminate/Routing/Router.php(730): Illuminate\\Routing\\Router->dispatchToRoute()
#18 /home/enriibvc/vinotasting.enricharcane.info/vendor/laravel/framework/src/Illuminate/Foundation/Http/Kernel.php(200): Illuminate\\Routing\\Router->dispatch()
#19 /home/enriibvc/vinotasting.enricharcane.info/vendor/laravel/framework/src/Illuminate/Pipeline/Pipeline.php(141): Illuminate\\Foundation\\Http\\Kernel->Illuminate\\Foundation\\Http\\{closure}()
#20 /home/enriibvc/vinotasting.enricharcane.info/vendor/laravel/framework/src/Illuminate/Foundation/Http/Middleware/TransformsRequest.php(21): Illuminate\\Pipeline\\Pipeline->Illuminate\\Pipeline\\{closure}()
#21 /home/enriibvc/vinotasting.enricharcane.info/vendor/laravel/framework/src/Illuminate/Foundation/Http/Middleware/ConvertEmptyStringsToNull.php(31): Illuminate\\Foundation\\Http\\Middleware\\TransformsRequest->handle()
#22 /home/enriibvc/vinotasting.enricharcane.info/vendor/laravel/framework/src/Illuminate/Pipeline/Pipeline.php(180): Illuminate\\Foundation\\Http\\Middleware\\ConvertEmptyStringsToNull->handle()
#23 /home/enriibvc/vinotasting.enricharcane.info/vendor/laravel/framework/src/Illuminate/Foundation/Http/Middleware/TransformsRequest.php(21): Illuminate\\Pipeline\\Pipeline->Illuminate\\Pipeline\\{closure}()
#24 /home/enriibvc/vinotasting.enricharcane.info/vendor/laravel/framework/src/Illuminate/Foundation/Http/Middleware/TrimStrings.php(40): Illuminate\\Foundation\\Http\\Middleware\\TransformsRequest->handle()
#25 /home/enriibvc/vinotasting.enricharcane.info/vendor/laravel/framework/src/Illuminate/Pipeline/Pipeline.php(180): Illuminate\\Foundation\\Http\\Middleware\\TrimStrings->handle()
#26 /home/enriibvc/vinotasting.enricharcane.info/vendor/laravel/framework/src/Illuminate/Foundation/Http/Middleware/ValidatePostSize.php(27): Illuminate\\Pipeline\\Pipeline->Illuminate\\Pipeline\\{closure}()
#27 /home/enriibvc/vinotasting.enricharcane.info/vendor/laravel/framework/src/Illuminate/Pipeline/Pipeline.php(180): Illuminate\\Foundation\\Http\\Middleware\\ValidatePostSize->handle()
#28 /home/enriibvc/vinotasting.enricharcane.info/vendor/laravel/framework/src/Illuminate/Foundation/Http/Middleware/PreventRequestsDuringMaintenance.php(89): Illuminate\\Pipeline\\Pipeline->Illuminate\\Pipeline\\{closure}()
#29 /home/enriibvc/vinotasting.enricharcane.info/vendor/laravel/framework/src/Illuminate/Pipeline/Pipeline.php(180): Illuminate\\Foundation\\Http\\Middleware\\PreventRequestsDuringMaintenance->handle()
#30 /home/enriibvc/vinotasting.enricharcane.info/vendor/laravel/framework/src/Illuminate/Http/Middleware/HandleCors.php(49): Illuminate\\Pipeline\\Pipeline->Illuminate\\Pipeline\\{closure}()
#31 /home/enriibvc/vinotasting.enricharcane.info/vendor/laravel/framework/src/Illuminate/Pipeline/Pipeline.php(180): Illuminate\\Http\\Middleware\\HandleCors->handle()
#32 /home/enriibvc/vinotasting.enricharcane.info/vendor/laravel/framework/src/Illuminate/Http/Middleware/TrustProxies.php(39): Illuminate\\Pipeline\\Pipeline->Illuminate\\Pipeline\\{closure}()
#33 /home/enriibvc/vinotasting.enricharcane.info/vendor/laravel/framework/src/Illuminate/Pipeline/Pipeline.php(180): Illuminate\\Http\\Middleware\\TrustProxies->handle()
#34 /home/enriibvc/vinotasting.enricharcane.info/vendor/laravel/framework/src/Illuminate/Pipeline/Pipeline.php(116): Illuminate\\Pipeline\\Pipeline->Illuminate\\Pipeline\\{closure}()
#35 /home/enriibvc/vinotasting.enricharcane.info/vendor/laravel/framework/src/Illuminate/Foundation/Http/Kernel.php(175): Illuminate\\Pipeline\\Pipeline->then()
#36 /home/enriibvc/vinotasting.enricharcane.info/vendor/laravel/framework/src/Illuminate/Foundation/Http/Kernel.php(144): Illuminate\\Foundation\\Http\\Kernel->sendRequestThroughRouter()
#37 /home/enriibvc/vinotasting.enricharcane.info/public/index.php(52): Illuminate\\Foundation\\Http\\Kernel->handle()
#38 {main}
"} 
[2023-09-27 10:41:54] local.ERROR: Class "PDO" not found {"exception":"[object] (Error(code: 0): Class \"PDO\" not found at /home/enriibvc/vinotasting.enricharcane.info/vendor/laravel/framework/src/Illuminate/Database/Connection.php:1718)
[stacktrace]
#0 /home/enriibvc/vinotasting.enricharcane.info/vendor/laravel/framework/src/Illuminate/Database/Connectors/ConnectionFactory.php(265): Illuminate\\Database\\Connection::getResolver()
#1 /home/enriibvc/vinotasting.enricharcane.info/vendor/laravel/framework/src/Illuminate/Database/Connectors/ConnectionFactory.php(76): Illuminate\\Database\\Connectors\\ConnectionFactory->createConnection()
#2 /home/enriibvc/vinotasting.enricharcane.info/vendor/laravel/framework/src/Illuminate/Database/Connectors/ConnectionFactory.php(50): Illuminate\\Database\\Connectors\\ConnectionFactory->createSingleConnection()
#3 /home/enriibvc/vinotasting.enricharcane.info/vendor/laravel/framework/src/Illuminate/Database/DatabaseManager.php(152): Illuminate\\Database\\Connectors\\ConnectionFactory->make()
#4 /home/enriibvc/vinotasting.enricharcane.info/vendor/laravel/framework/src/Illuminate/Database/DatabaseManager.php(101): Illuminate\\Database\\DatabaseManager->makeConnection()
#5 /home/enriibvc/vinotasting.enricharcane.info/vendor/laravel/framework/src/Illuminate/Database/Eloquent/Model.php(1818): Illuminate\\Database\\DatabaseManager->connection()
#6 /home/enriibvc/vinotasting.enricharcane.info/vendor/laravel/framework/src/Illuminate/Database/Eloquent/Model.php(1784): Illuminate\\Database\\Eloquent\\Model::resolveConnection()
#7 /home/enriibvc/vinotasting.enricharcane.info/vendor/laravel/framework/src/Illuminate/Database/Eloquent/Model.php(1576): Illuminate\\Database\\Eloquent\\Model->getConnection()
#8 /home/enriibvc/vinotasting.enricharcane.info/vendor/laravel/framework/src/Illuminate/Database/Eloquent/Model.php(1495): Illuminate\\Database\\Eloquent\\Model->newBaseQueryBuilder()
#9 /home/enriibvc/vinotasting.enricharcane.info/vendor/laravel/framework/src/Illuminate/Database/Eloquent/Model.php(1531): Illuminate\\Database\\Eloquent\\Model->newModelQuery()
#10 /home/enriibvc/vinotasting.enricharcane.info/vendor/laravel/framework/src/Illuminate/Database/Eloquent/Model.php(1484): Illuminate\\Database\\Eloquent\\Model->newQueryWithoutScopes()
#11 /home/enriibvc/vinotasting.enricharcane.info/vendor/laravel/framework/src/Illuminate/Database/Eloquent/Model.php(2333): Illuminate\\Database\\Eloquent\\Model->newQuery()
#12 /home/enriibvc/vinotasting.enricharcane.info/vendor/laravel/framework/src/Illuminate/Database/Eloquent/Model.php(2345): Illuminate\\Database\\Eloquent\\Model->__call()
#13 /home/enriibvc/vinotasting.enricharcane.info/app/Http/Controllers/HomeController.php(40): Illuminate\\Database\\Eloquent\\Model::__callStatic()
#14 /home/enriibvc/vinotasting.enricharcane.info/vendor/laravel/framework/src/Illuminate/Routing/Controller.php(54): App\\Http\\Controllers\\HomeController->index()
#15 /home/enriibvc/vinotasting.enricharcane.info/vendor/laravel/framework/src/Illuminate/Routing/ControllerDispatcher.php(43): Illuminate\\Routing\\Controller->callAction()
#16 /home/enriibvc/vinotasting.enricharcane.info/vendor/laravel/framework/src/Illuminate/Routing/Route.php(260): Illuminate\\Routing\\ControllerDispatcher->dispatch()
#17 /home/enriibvc/vinotasting.enricharcane.info/vendor/laravel/framework/src/Illuminate/Routing/Route.php(205): Illuminate\\Routing\\Route->runController()
#18 /home/enriibvc/vinotasting.enricharcane.info/vendor/laravel/framework/src/Illuminate/Routing/Router.php(799): Illuminate\\Routing\\Route->run()
#19 /home/enriibvc/vinotasting.enricharcane.info/vendor/laravel/framework/src/Illuminate/Pipeline/Pipeline.php(141): Illuminate\\Routing\\Router->Illuminate\\Routing\\{closure}()
#20 /home/enriibvc/vinotasting.enricharcane.info/vendor/laravel/framework/src/Illuminate/Routing/Middleware/SubstituteBindings.php(50): Illuminate\\Pipeline\\Pipeline->Illuminate\\Pipeline\\{closure}()
#21 /home/enriibvc/vinotasting.enricharcane.info/vendor/laravel/framework/src/Illuminate/Pipeline/Pipeline.php(180): Illuminate\\Routing\\Middleware\\SubstituteBindings->handle()
#22 /home/enriibvc/vinotasting.enricharcane.info/vendor/laravel/framework/src/Illuminate/Foundation/Http/Middleware/VerifyCsrfToken.php(78): Illuminate\\Pipeline\\Pipeline->Illuminate\\Pipeline\\{closure}()
#23 /home/enriibvc/vinotasting.enricharcane.info/vendor/laravel/framework/src/Illuminate/Pipeline/Pipeline.php(180): Illuminate\\Foundation\\Http\\Middleware\\VerifyCsrfToken->handle()
#24 /home/enriibvc/vinotasting.enricharcane.info/vendor/laravel/framework/src/Illuminate/View/Middleware/ShareErrorsFromSession.php(49): Illuminate\\Pipeline\\Pipeline->Illuminate\\Pipeline\\{closure}()
#25 /home/enriibvc/vinotasting.enricharcane.info/vendor/laravel/framework/src/Illuminate/Pipeline/Pipeline.php(180): Illuminate\\View\\Middleware\\ShareErrorsFromSession->handle()
#26 /home/enriibvc/vinotasting.enricharcane.info/vendor/laravel/framework/src/Illuminate/Session/Middleware/StartSession.php(121): Illuminate\\Pipeline\\Pipeline->Illuminate\\Pipeline\\{closure}()
#27 /home/enriibvc/vinotasting.enricharcane.info/vendor/laravel/framework/src/Illuminate/Session/Middleware/StartSession.php(64): Illuminate\\Session\\Middleware\\StartSession->handleStatefulRequest()
#28 /home/enriibvc/vinotasting.enricharcane.info/vendor/laravel/framework/src/Illuminate/Pipeline/Pipeline.php(180): Illuminate\\Session\\Middleware\\StartSession->handle()
#29 /home/enriibvc/vinotasting.enricharcane.info/vendor/laravel/framework/src/Illuminate/Cookie/Middleware/AddQueuedCookiesToResponse.php(37): Illuminate\\Pipeline\\Pipeline->Illuminate\\Pipeline\\{closure}()
#30 /home/enriibvc/vinotasting.enricharcane.info/vendor/laravel/framework/src/Illuminate/Pipeline/Pipeline.php(180): Illuminate\\Cookie\\Middleware\\AddQueuedCookiesToResponse->handle()
#31 /home/enriibvc/vinotasting.enricharcane.info/vendor/laravel/framework/src/Illuminate/Cookie/Middleware/EncryptCookies.php(67): Illuminate\\Pipeline\\Pipeline->Illuminate\\Pipeline\\{closure}()
#32 /home/enriibvc/vinotasting.enricharcane.info/vendor/laravel/framework/src/Illuminate/Pipeline/Pipeline.php(180): Illuminate\\Cookie\\Middleware\\EncryptCookies->handle()
#33 /home/enriibvc/vinotasting.enricharcane.info/vendor/laravel/framework/src/Illuminate/Pipeline/Pipeline.php(116): Illuminate\\Pipeline\\Pipeline->Illuminate\\Pipeline\\{closure}()
#34 /home/enriibvc/vinotasting.enricharcane.info/vendor/laravel/framework/src/Illuminate/Routing/Router.php(800): Illuminate\\Pipeline\\Pipeline->then()
#35 /home/enriibvc/vinotasting.enricharcane.info/vendor/laravel/framework/src/Illuminate/Routing/Router.php(777): Illuminate\\Routing\\Router->runRouteWithinStack()
#36 /home/enriibvc/vinotasting.enricharcane.info/vendor/laravel/framework/src/Illuminate/Routing/Router.php(741): Illuminate\\Routing\\Router->runRoute()
#37 /home/enriibvc/vinotasting.enricharcane.info/vendor/laravel/framework/src/Illuminate/Routing/Router.php(730): Illuminate\\Routing\\Router->dispatchToRoute()
#38 /home/enriibvc/vinotasting.enricharcane.info/vendor/laravel/framework/src/Illuminate/Foundation/Http/Kernel.php(200): Illuminate\\Routing\\Router->dispatch()
#39 /home/enriibvc/vinotasting.enricharcane.info/vendor/laravel/framework/src/Illuminate/Pipeline/Pipeline.php(141): Illuminate\\Foundation\\Http\\Kernel->Illuminate\\Foundation\\Http\\{closure}()
#40 /home/enriibvc/vinotasting.enricharcane.info/vendor/laravel/framework/src/Illuminate/Foundation/Http/Middleware/TransformsRequest.php(21): Illuminate\\Pipeline\\Pipeline->Illuminate\\Pipeline\\{closure}()
#41 /home/enriibvc/vinotasting.enricharcane.info/vendor/laravel/framework/src/Illuminate/Foundation/Http/Middleware/ConvertEmptyStringsToNull.php(31): Illuminate\\Foundation\\Http\\Middleware\\TransformsRequest->handle()
#42 /home/enriibvc/vinotasting.enricharcane.info/vendor/laravel/framework/src/Illuminate/Pipeline/Pipeline.php(180): Illuminate\\Foundation\\Http\\Middleware\\ConvertEmptyStringsToNull->handle()
#43 /home/enriibvc/vinotasting.enricharcane.info/vendor/laravel/framework/src/Illuminate/Foundation/Http/Middleware/TransformsRequest.php(21): Illuminate\\Pipeline\\Pipeline->Illuminate\\Pipeline\\{closure}()
#44 /home/enriibvc/vinotasting.enricharcane.info/vendor/laravel/framework/src/Illuminate/Foundation/Http/Middleware/TrimStrings.php(40): Illuminate\\Foundation\\Http\\Middleware\\TransformsRequest->handle()
#45 /home/enriibvc/vinotasting.enricharcane.info/vendor/laravel/framework/src/Illuminate/Pipeline/Pipeline.php(180): Illuminate\\Foundation\\Http\\Middleware\\TrimStrings->handle()
#46 /home/enriibvc/vinotasting.enricharcane.info/vendor/laravel/framework/src/Illuminate/Foundation/Http/Middleware/ValidatePostSize.php(27): Illuminate\\Pipeline\\Pipeline->Illuminate\\Pipeline\\{closure}()
#47 /home/enriibvc/vinotasting.enricharcane.info/vendor/laravel/framework/src/Illuminate/Pipeline/Pipeline.php(180): Illuminate\\Foundation\\Http\\Middleware\\ValidatePostSize->handle()
#48 /home/enriibvc/vinotasting.enricharcane.info/vendor/laravel/framework/src/Illuminate/Foundation/Http/Middleware/PreventRequestsDuringMaintenance.php(89): Illuminate\\Pipeline\\Pipeline->Illuminate\\Pipeline\\{closure}()
#49 /home/enriibvc/vinotasting.enricharcane.info/vendor/laravel/framework/src/Illuminate/Pipeline/Pipeline.php(180): Illuminate\\Foundation\\Http\\Middleware\\PreventRequestsDuringMaintenance->handle()
#50 /home/enriibvc/vinotasting.enricharcane.info/vendor/laravel/framework/src/Illuminate/Http/Middleware/HandleCors.php(49): Illuminate\\Pipeline\\Pipeline->Illuminate\\Pipeline\\{closure}()
#51 /home/enriibvc/vinotasting.enricharcane.info/vendor/laravel/framework/src/Illuminate/Pipeline/Pipeline.php(180): Illuminate\\Http\\Middleware\\HandleCors->handle()
#52 /home/enriibvc/vinotasting.enricharcane.info/vendor/laravel/framework/src/Illuminate/Http/Middleware/TrustProxies.php(39): Illuminate\\Pipeline\\Pipeline->Illuminate\\Pipeline\\{closure}()
#53 /home/enriibvc/vinotasting.enricharcane.info/vendor/laravel/framework/src/Illuminate/Pipeline/Pipeline.php(180): Illuminate\\Http\\Middleware\\TrustProxies->handle()
#54 /home/enriibvc/vinotasting.enricharcane.info/vendor/laravel/framework/src/Illuminate/Pipeline/Pipeline.php(116): Illuminate\\Pipeline\\Pipeline->Illuminate\\Pipeline\\{closure}()
#55 /home/enriibvc/vinotasting.enricharcane.info/vendor/laravel/framework/src/Illuminate/Foundation/Http/Kernel.php(175): Illuminate\\Pipeline\\Pipeline->then()
#56 /home/enriibvc/vinotasting.enricharcane.info/vendor/laravel/framework/src/Illuminate/Foundation/Http/Kernel.php(144): Illuminate\\Foundation\\Http\\Kernel->sendRequestThroughRouter()
#57 /home/enriibvc/vinotasting.enricharcane.info/public/index.php(52): Illuminate\\Foundation\\Http\\Kernel->handle()
#58 {main}
"} 
[2023-09-27 10:41:54] local.ERROR: file_put_contents(C:\Users\Enrich upani\Desktop\JP-Cars\storage\framework/sessions/UDmEqo0oanndfU4oNJAPvzBblbGgoS7uPdP33Oeq): Failed to open stream: No such file or directory {"exception":"[object] (ErrorException(code: 0): file_put_contents(C:\\Users\\Enrich upani\\Desktop\\JP-Cars\\storage\\framework/sessions/UDmEqo0oanndfU4oNJAPvzBblbGgoS7uPdP33Oeq): Failed to open stream: No such file or directory at /home/enriibvc/vinotasting.enricharcane.info/vendor/laravel/framework/src/Illuminate/Filesystem/Filesystem.php:205)
[stacktrace]
#0 /home/enriibvc/vinotasting.enricharcane.info/vendor/laravel/framework/src/Illuminate/Foundation/Bootstrap/HandleExceptions.php(254): Illuminate\\Foundation\\Bootstrap\\HandleExceptions->handleError()
#1 [internal function]: Illuminate\\Foundation\\Bootstrap\\HandleExceptions->Illuminate\\Foundation\\Bootstrap\\{closure}()
#2 /home/enriibvc/vinotasting.enricharcane.info/vendor/laravel/framework/src/Illuminate/Filesystem/Filesystem.php(205): file_put_contents()
#3 /home/enriibvc/vinotasting.enricharcane.info/vendor/laravel/framework/src/Illuminate/Session/FileSessionHandler.php(90): Illuminate\\Filesystem\\Filesystem->put()
#4 /home/enriibvc/vinotasting.enricharcane.info/vendor/laravel/framework/src/Illuminate/Session/Store.php(173): Illuminate\\Session\\FileSessionHandler->write()
#5 /home/enriibvc/vinotasting.enricharcane.info/vendor/laravel/framework/src/Illuminate/Session/Middleware/StartSession.php(238): Illuminate\\Session\\Store->save()
#6 /home/enriibvc/vinotasting.enricharcane.info/vendor/laravel/framework/src/Illuminate/Session/Middleware/StartSession.php(130): Illuminate\\Session\\Middleware\\StartSession->saveSession()
#7 /home/enriibvc/vinotasting.enricharcane.info/vendor/laravel/framework/src/Illuminate/Session/Middleware/StartSession.php(64): Illuminate\\Session\\Middleware\\StartSession->handleStatefulRequest()
#8 /home/enriibvc/vinotasting.enricharcane.info/vendor/laravel/framework/src/Illuminate/Pipeline/Pipeline.php(180): Illuminate\\Session\\Middleware\\StartSession->handle()
#9 /home/enriibvc/vinotasting.enricharcane.info/vendor/laravel/framework/src/Illuminate/Cookie/Middleware/AddQueuedCookiesToResponse.php(37): Illuminate\\Pipeline\\Pipeline->Illuminate\\Pipeline\\{closure}()
#10 /home/enriibvc/vinotasting.enricharcane.info/vendor/laravel/framework/src/Illuminate/Pipeline/Pipeline.php(180): Illuminate\\Cookie\\Middleware\\AddQueuedCookiesToResponse->handle()
#11 /home/enriibvc/vinotasting.enricharcane.info/vendor/laravel/framework/src/Illuminate/Cookie/Middleware/EncryptCookies.php(67): Illuminate\\Pipeline\\Pipeline->Illuminate\\Pipeline\\{closure}()
#12 /home/enriibvc/vinotasting.enricharcane.info/vendor/laravel/framework/src/Illuminate/Pipeline/Pipeline.php(180): Illuminate\\Cookie\\Middleware\\EncryptCookies->handle()
#13 /home/enriibvc/vinotasting.enricharcane.info/vendor/laravel/framework/src/Illuminate/Pipeline/Pipeline.php(116): Illuminate\\Pipeline\\Pipeline->Illuminate\\Pipeline\\{closure}()
#14 /home/enriibvc/vinotasting.enricharcane.info/vendor/laravel/framework/src/Illuminate/Routing/Router.php(800): Illuminate\\Pipeline\\Pipeline->then()
#15 /home/enriibvc/vinotasting.enricharcane.info/vendor/laravel/framework/src/Illuminate/Routing/Router.php(777): Illuminate\\Routing\\Router->runRouteWithinStack()
#16 /home/enriibvc/vinotasting.enricharcane.info/vendor/laravel/framework/src/Illuminate/Routing/Router.php(741): Illuminate\\Routing\\Router->runRoute()
#17 /home/enriibvc/vinotasting.enricharcane.info/vendor/laravel/framework/src/Illuminate/Routing/Router.php(730): Illuminate\\Routing\\Router->dispatchToRoute()
#18 /home/enriibvc/vinotasting.enricharcane.info/vendor/laravel/framework/src/Illuminate/Foundation/Http/Kernel.php(200): Illuminate\\Routing\\Router->dispatch()
#19 /home/enriibvc/vinotasting.enricharcane.info/vendor/laravel/framework/src/Illuminate/Pipeline/Pipeline.php(141): Illuminate\\Foundation\\Http\\Kernel->Illuminate\\Foundation\\Http\\{closure}()
#20 /home/enriibvc/vinotasting.enricharcane.info/vendor/laravel/framework/src/Illuminate/Foundation/Http/Middleware/TransformsRequest.php(21): Illuminate\\Pipeline\\Pipeline->Illuminate\\Pipeline\\{closure}()
#21 /home/enriibvc/vinotasting.enricharcane.info/vendor/laravel/framework/src/Illuminate/Foundation/Http/Middleware/ConvertEmptyStringsToNull.php(31): Illuminate\\Foundation\\Http\\Middleware\\TransformsRequest->handle()
#22 /home/enriibvc/vinotasting.enricharcane.info/vendor/laravel/framework/src/Illuminate/Pipeline/Pipeline.php(180): Illuminate\\Foundation\\Http\\Middleware\\ConvertEmptyStringsToNull->handle()
#23 /home/enriibvc/vinotasting.enricharcane.info/vendor/laravel/framework/src/Illuminate/Foundation/Http/Middleware/TransformsRequest.php(21): Illuminate\\Pipeline\\Pipeline->Illuminate\\Pipeline\\{closure}()
#24 /home/enriibvc/vinotasting.enricharcane.info/vendor/laravel/framework/src/Illuminate/Foundation/Http/Middleware/TrimStrings.php(40): Illuminate\\Foundation\\Http\\Middleware\\TransformsRequest->handle()
#25 /home/enriibvc/vinotasting.enricharcane.info/vendor/laravel/framework/src/Illuminate/Pipeline/Pipeline.php(180): Illuminate\\Foundation\\Http\\Middleware\\TrimStrings->handle()
#26 /home/enriibvc/vinotasting.enricharcane.info/vendor/laravel/framework/src/Illuminate/Foundation/Http/Middleware/ValidatePostSize.php(27): Illuminate\\Pipeline\\Pipeline->Illuminate\\Pipeline\\{closure}()
#27 /home/enriibvc/vinotasting.enricharcane.info/vendor/laravel/framework/src/Illuminate/Pipeline/Pipeline.php(180): Illuminate\\Foundation\\Http\\Middleware\\ValidatePostSize->handle()
#28 /home/enriibvc/vinotasting.enricharcane.info/vendor/laravel/framework/src/Illuminate/Foundation/Http/Middleware/PreventRequestsDuringMaintenance.php(89): Illuminate\\Pipeline\\Pipeline->Illuminate\\Pipeline\\{closure}()
#29 /home/enriibvc/vinotasting.enricharcane.info/vendor/laravel/framework/src/Illuminate/Pipeline/Pipeline.php(180): Illuminate\\Foundation\\Http\\Middleware\\PreventRequestsDuringMaintenance->handle()
#30 /home/enriibvc/vinotasting.enricharcane.info/vendor/laravel/framework/src/Illuminate/Http/Middleware/HandleCors.php(49): Illuminate\\Pipeline\\Pipeline->Illuminate\\Pipeline\\{closure}()
#31 /home/enriibvc/vinotasting.enricharcane.info/vendor/laravel/framework/src/Illuminate/Pipeline/Pipeline.php(180): Illuminate\\Http\\Middleware\\HandleCors->handle()
#32 /home/enriibvc/vinotasting.enricharcane.info/vendor/laravel/framework/src/Illuminate/Http/Middleware/TrustProxies.php(39): Illuminate\\Pipeline\\Pipeline->Illuminate\\Pipeline\\{closure}()
#33 /home/enriibvc/vinotasting.enricharcane.info/vendor/laravel/framework/src/Illuminate/Pipeline/Pipeline.php(180): Illuminate\\Http\\Middleware\\TrustProxies->handle()
#34 /home/enriibvc/vinotasting.enricharcane.info/vendor/laravel/framework/src/Illuminate/Pipeline/Pipeline.php(116): Illuminate\\Pipeline\\Pipeline->Illuminate\\Pipeline\\{closure}()
#35 /home/enriibvc/vinotasting.enricharcane.info/vendor/laravel/framework/src/Illuminate/Foundation/Http/Kernel.php(175): Illuminate\\Pipeline\\Pipeline->then()
#36 /home/enriibvc/vinotasting.enricharcane.info/vendor/laravel/framework/src/Illuminate/Foundation/Http/Kernel.php(144): Illuminate\\Foundation\\Http\\Kernel->sendRequestThroughRouter()
#37 /home/enriibvc/vinotasting.enricharcane.info/public/index.php(52): Illuminate\\Foundation\\Http\\Kernel->handle()
#38 {main}
"} 
[2023-09-27 10:41:55] local.ERROR: Class "PDO" not found {"exception":"[object] (Error(code: 0): Class \"PDO\" not found at /home/enriibvc/vinotasting.enricharcane.info/vendor/laravel/framework/src/Illuminate/Database/Connection.php:1718)
[stacktrace]
#0 /home/enriibvc/vinotasting.enricharcane.info/vendor/laravel/framework/src/Illuminate/Database/Connectors/ConnectionFactory.php(265): Illuminate\\Database\\Connection::getResolver()
#1 /home/enriibvc/vinotasting.enricharcane.info/vendor/laravel/framework/src/Illuminate/Database/Connectors/ConnectionFactory.php(76): Illuminate\\Database\\Connectors\\ConnectionFactory->createConnection()
#2 /home/enriibvc/vinotasting.enricharcane.info/vendor/laravel/framework/src/Illuminate/Database/Connectors/ConnectionFactory.php(50): Illuminate\\Database\\Connectors\\ConnectionFactory->createSingleConnection()
#3 /home/enriibvc/vinotasting.enricharcane.info/vendor/laravel/framework/src/Illuminate/Database/DatabaseManager.php(152): Illuminate\\Database\\Connectors\\ConnectionFactory->make()
#4 /home/enriibvc/vinotasting.enricharcane.info/vendor/laravel/framework/src/Illuminate/Database/DatabaseManager.php(101): Illuminate\\Database\\DatabaseManager->makeConnection()
#5 /home/enriibvc/vinotasting.enricharcane.info/vendor/laravel/framework/src/Illuminate/Database/Eloquent/Model.php(1818): Illuminate\\Database\\DatabaseManager->connection()
#6 /home/enriibvc/vinotasting.enricharcane.info/vendor/laravel/framework/src/Illuminate/Database/Eloquent/Model.php(1784): Illuminate\\Database\\Eloquent\\Model::resolveConnection()
#7 /home/enriibvc/vinotasting.enricharcane.info/vendor/laravel/framework/src/Illuminate/Database/Eloquent/Model.php(1576): Illuminate\\Database\\Eloquent\\Model->getConnection()
#8 /home/enriibvc/vinotasting.enricharcane.info/vendor/laravel/framework/src/Illuminate/Database/Eloquent/Model.php(1495): Illuminate\\Database\\Eloquent\\Model->newBaseQueryBuilder()
#9 /home/enriibvc/vinotasting.enricharcane.info/vendor/laravel/framework/src/Illuminate/Database/Eloquent/Model.php(1531): Illuminate\\Database\\Eloquent\\Model->newModelQuery()
#10 /home/enriibvc/vinotasting.enricharcane.info/vendor/laravel/framework/src/Illuminate/Database/Eloquent/Model.php(1484): Illuminate\\Database\\Eloquent\\Model->newQueryWithoutScopes()
#11 /home/enriibvc/vinotasting.enricharcane.info/vendor/laravel/framework/src/Illuminate/Database/Eloquent/Model.php(2333): Illuminate\\Database\\Eloquent\\Model->newQuery()
#12 /home/enriibvc/vinotasting.enricharcane.info/vendor/laravel/framework/src/Illuminate/Database/Eloquent/Model.php(2345): Illuminate\\Database\\Eloquent\\Model->__call()
#13 /home/enriibvc/vinotasting.enricharcane.info/app/Http/Controllers/HomeController.php(40): Illuminate\\Database\\Eloquent\\Model::__callStatic()
#14 /home/enriibvc/vinotasting.enricharcane.info/vendor/laravel/framework/src/Illuminate/Routing/Controller.php(54): App\\Http\\Controllers\\HomeController->index()
#15 /home/enriibvc/vinotasting.enricharcane.info/vendor/laravel/framework/src/Illuminate/Routing/ControllerDispatcher.php(43): Illuminate\\Routing\\Controller->callAction()
#16 /home/enriibvc/vinotasting.enricharcane.info/vendor/laravel/framework/src/Illuminate/Routing/Route.php(260): Illuminate\\Routing\\ControllerDispatcher->dispatch()
#17 /home/enriibvc/vinotasting.enricharcane.info/vendor/laravel/framework/src/Illuminate/Routing/Route.php(205): Illuminate\\Routing\\Route->runController()
#18 /home/enriibvc/vinotasting.enricharcane.info/vendor/laravel/framework/src/Illuminate/Routing/Router.php(799): Illuminate\\Routing\\Route->run()
#19 /home/enriibvc/vinotasting.enricharcane.info/vendor/laravel/framework/src/Illuminate/Pipeline/Pipeline.php(141): Illuminate\\Routing\\Router->Illuminate\\Routing\\{closure}()
#20 /home/enriibvc/vinotasting.enricharcane.info/vendor/laravel/framework/src/Illuminate/Routing/Middleware/SubstituteBindings.php(50): Illuminate\\Pipeline\\Pipeline->Illuminate\\Pipeline\\{closure}()
#21 /home/enriibvc/vinotasting.enricharcane.info/vendor/laravel/framework/src/Illuminate/Pipeline/Pipeline.php(180): Illuminate\\Routing\\Middleware\\SubstituteBindings->handle()
#22 /home/enriibvc/vinotasting.enricharcane.info/vendor/laravel/framework/src/Illuminate/Foundation/Http/Middleware/VerifyCsrfToken.php(78): Illuminate\\Pipeline\\Pipeline->Illuminate\\Pipeline\\{closure}()
#23 /home/enriibvc/vinotasting.enricharcane.info/vendor/laravel/framework/src/Illuminate/Pipeline/Pipeline.php(180): Illuminate\\Foundation\\Http\\Middleware\\VerifyCsrfToken->handle()
#24 /home/enriibvc/vinotasting.enricharcane.info/vendor/laravel/framework/src/Illuminate/View/Middleware/ShareErrorsFromSession.php(49): Illuminate\\Pipeline\\Pipeline->Illuminate\\Pipeline\\{closure}()
#25 /home/enriibvc/vinotasting.enricharcane.info/vendor/laravel/framework/src/Illuminate/Pipeline/Pipeline.php(180): Illuminate\\View\\Middleware\\ShareErrorsFromSession->handle()
#26 /home/enriibvc/vinotasting.enricharcane.info/vendor/laravel/framework/src/Illuminate/Session/Middleware/StartSession.php(121): Illuminate\\Pipeline\\Pipeline->Illuminate\\Pipeline\\{closure}()
#27 /home/enriibvc/vinotasting.enricharcane.info/vendor/laravel/framework/src/Illuminate/Session/Middleware/StartSession.php(64): Illuminate\\Session\\Middleware\\StartSession->handleStatefulRequest()
#28 /home/enriibvc/vinotasting.enricharcane.info/vendor/laravel/framework/src/Illuminate/Pipeline/Pipeline.php(180): Illuminate\\Session\\Middleware\\StartSession->handle()
#29 /home/enriibvc/vinotasting.enricharcane.info/vendor/laravel/framework/src/Illuminate/Cookie/Middleware/AddQueuedCookiesToResponse.php(37): Illuminate\\Pipeline\\Pipeline->Illuminate\\Pipeline\\{closure}()
#30 /home/enriibvc/vinotasting.enricharcane.info/vendor/laravel/framework/src/Illuminate/Pipeline/Pipeline.php(180): Illuminate\\Cookie\\Middleware\\AddQueuedCookiesToResponse->handle()
#31 /home/enriibvc/vinotasting.enricharcane.info/vendor/laravel/framework/src/Illuminate/Cookie/Middleware/EncryptCookies.php(67): Illuminate\\Pipeline\\Pipeline->Illuminate\\Pipeline\\{closure}()
#32 /home/enriibvc/vinotasting.enricharcane.info/vendor/laravel/framework/src/Illuminate/Pipeline/Pipeline.php(180): Illuminate\\Cookie\\Middleware\\EncryptCookies->handle()
#33 /home/enriibvc/vinotasting.enricharcane.info/vendor/laravel/framework/src/Illuminate/Pipeline/Pipeline.php(116): Illuminate\\Pipeline\\Pipeline->Illuminate\\Pipeline\\{closure}()
#34 /home/enriibvc/vinotasting.enricharcane.info/vendor/laravel/framework/src/Illuminate/Routing/Router.php(800): Illuminate\\Pipeline\\Pipeline->then()
#35 /home/enriibvc/vinotasting.enricharcane.info/vendor/laravel/framework/src/Illuminate/Routing/Router.php(777): Illuminate\\Routing\\Router->runRouteWithinStack()
#36 /home/enriibvc/vinotasting.enricharcane.info/vendor/laravel/framework/src/Illuminate/Routing/Router.php(741): Illuminate\\Routing\\Router->runRoute()
#37 /home/enriibvc/vinotasting.enricharcane.info/vendor/laravel/framework/src/Illuminate/Routing/Router.php(730): Illuminate\\Routing\\Router->dispatchToRoute()
#38 /home/enriibvc/vinotasting.enricharcane.info/vendor/laravel/framework/src/Illuminate/Foundation/Http/Kernel.php(200): Illuminate\\Routing\\Router->dispatch()
#39 /home/enriibvc/vinotasting.enricharcane.info/vendor/laravel/framework/src/Illuminate/Pipeline/Pipeline.php(141): Illuminate\\Foundation\\Http\\Kernel->Illuminate\\Foundation\\Http\\{closure}()
#40 /home/enriibvc/vinotasting.enricharcane.info/vendor/laravel/framework/src/Illuminate/Foundation/Http/Middleware/TransformsRequest.php(21): Illuminate\\Pipeline\\Pipeline->Illuminate\\Pipeline\\{closure}()
#41 /home/enriibvc/vinotasting.enricharcane.info/vendor/laravel/framework/src/Illuminate/Foundation/Http/Middleware/ConvertEmptyStringsToNull.php(31): Illuminate\\Foundation\\Http\\Middleware\\TransformsRequest->handle()
#42 /home/enriibvc/vinotasting.enricharcane.info/vendor/laravel/framework/src/Illuminate/Pipeline/Pipeline.php(180): Illuminate\\Foundation\\Http\\Middleware\\ConvertEmptyStringsToNull->handle()
#43 /home/enriibvc/vinotasting.enricharcane.info/vendor/laravel/framework/src/Illuminate/Foundation/Http/Middleware/TransformsRequest.php(21): Illuminate\\Pipeline\\Pipeline->Illuminate\\Pipeline\\{closure}()
#44 /home/enriibvc/vinotasting.enricharcane.info/vendor/laravel/framework/src/Illuminate/Foundation/Http/Middleware/TrimStrings.php(40): Illuminate\\Foundation\\Http\\Middleware\\TransformsRequest->handle()
#45 /home/enriibvc/vinotasting.enricharcane.info/vendor/laravel/framework/src/Illuminate/Pipeline/Pipeline.php(180): Illuminate\\Foundation\\Http\\Middleware\\TrimStrings->handle()
#46 /home/enriibvc/vinotasting.enricharcane.info/vendor/laravel/framework/src/Illuminate/Foundation/Http/Middleware/ValidatePostSize.php(27): Illuminate\\Pipeline\\Pipeline->Illuminate\\Pipeline\\{closure}()
#47 /home/enriibvc/vinotasting.enricharcane.info/vendor/laravel/framework/src/Illuminate/Pipeline/Pipeline.php(180): Illuminate\\Foundation\\Http\\Middleware\\ValidatePostSize->handle()
#48 /home/enriibvc/vinotasting.enricharcane.info/vendor/laravel/framework/src/Illuminate/Foundation/Http/Middleware/PreventRequestsDuringMaintenance.php(89): Illuminate\\Pipeline\\Pipeline->Illuminate\\Pipeline\\{closure}()
#49 /home/enriibvc/vinotasting.enricharcane.info/vendor/laravel/framework/src/Illuminate/Pipeline/Pipeline.php(180): Illuminate\\Foundation\\Http\\Middleware\\PreventRequestsDuringMaintenance->handle()
#50 /home/enriibvc/vinotasting.enricharcane.info/vendor/laravel/framework/src/Illuminate/Http/Middleware/HandleCors.php(49): Illuminate\\Pipeline\\Pipeline->Illuminate\\Pipeline\\{closure}()
#51 /home/enriibvc/vinotasting.enricharcane.info/vendor/laravel/framework/src/Illuminate/Pipeline/Pipeline.php(180): Illuminate\\Http\\Middleware\\HandleCors->handle()
#52 /home/enriibvc/vinotasting.enricharcane.info/vendor/laravel/framework/src/Illuminate/Http/Middleware/TrustProxies.php(39): Illuminate\\Pipeline\\Pipeline->Illuminate\\Pipeline\\{closure}()
#53 /home/enriibvc/vinotasting.enricharcane.info/vendor/laravel/framework/src/Illuminate/Pipeline/Pipeline.php(180): Illuminate\\Http\\Middleware\\TrustProxies->handle()
#54 /home/enriibvc/vinotasting.enricharcane.info/vendor/laravel/framework/src/Illuminate/Pipeline/Pipeline.php(116): Illuminate\\Pipeline\\Pipeline->Illuminate\\Pipeline\\{closure}()
#55 /home/enriibvc/vinotasting.enricharcane.info/vendor/laravel/framework/src/Illuminate/Foundation/Http/Kernel.php(175): Illuminate\\Pipeline\\Pipeline->then()
#56 /home/enriibvc/vinotasting.enricharcane.info/vendor/laravel/framework/src/Illuminate/Foundation/Http/Kernel.php(144): Illuminate\\Foundation\\Http\\Kernel->sendRequestThroughRouter()
#57 /home/enriibvc/vinotasting.enricharcane.info/public/index.php(52): Illuminate\\Foundation\\Http\\Kernel->handle()
#58 {main}
"} 
[2023-09-27 10:41:56] local.ERROR: file_put_contents(C:\Users\Enrich upani\Desktop\JP-Cars\storage\framework/sessions/1VnudnUNINKyAWusIv3rDnjACE3wBNUE2fVCxZQG): Failed to open stream: No such file or directory {"exception":"[object] (ErrorException(code: 0): file_put_contents(C:\\Users\\Enrich upani\\Desktop\\JP-Cars\\storage\\framework/sessions/1VnudnUNINKyAWusIv3rDnjACE3wBNUE2fVCxZQG): Failed to open stream: No such file or directory at /home/enriibvc/vinotasting.enricharcane.info/vendor/laravel/framework/src/Illuminate/Filesystem/Filesystem.php:205)
[stacktrace]
#0 /home/enriibvc/vinotasting.enricharcane.info/vendor/laravel/framework/src/Illuminate/Foundation/Bootstrap/HandleExceptions.php(254): Illuminate\\Foundation\\Bootstrap\\HandleExceptions->handleError()
#1 [internal function]: Illuminate\\Foundation\\Bootstrap\\HandleExceptions->Illuminate\\Foundation\\Bootstrap\\{closure}()
#2 /home/enriibvc/vinotasting.enricharcane.info/vendor/laravel/framework/src/Illuminate/Filesystem/Filesystem.php(205): file_put_contents()
#3 /home/enriibvc/vinotasting.enricharcane.info/vendor/laravel/framework/src/Illuminate/Session/FileSessionHandler.php(90): Illuminate\\Filesystem\\Filesystem->put()
#4 /home/enriibvc/vinotasting.enricharcane.info/vendor/laravel/framework/src/Illuminate/Session/Store.php(173): Illuminate\\Session\\FileSessionHandler->write()
#5 /home/enriibvc/vinotasting.enricharcane.info/vendor/laravel/framework/src/Illuminate/Session/Middleware/StartSession.php(238): Illuminate\\Session\\Store->save()
#6 /home/enriibvc/vinotasting.enricharcane.info/vendor/laravel/framework/src/Illuminate/Session/Middleware/StartSession.php(130): Illuminate\\Session\\Middleware\\StartSession->saveSession()
#7 /home/enriibvc/vinotasting.enricharcane.info/vendor/laravel/framework/src/Illuminate/Session/Middleware/StartSession.php(64): Illuminate\\Session\\Middleware\\StartSession->handleStatefulRequest()
#8 /home/enriibvc/vinotasting.enricharcane.info/vendor/laravel/framework/src/Illuminate/Pipeline/Pipeline.php(180): Illuminate\\Session\\Middleware\\StartSession->handle()
#9 /home/enriibvc/vinotasting.enricharcane.info/vendor/laravel/framework/src/Illuminate/Cookie/Middleware/AddQueuedCookiesToResponse.php(37): Illuminate\\Pipeline\\Pipeline->Illuminate\\Pipeline\\{closure}()
#10 /home/enriibvc/vinotasting.enricharcane.info/vendor/laravel/framework/src/Illuminate/Pipeline/Pipeline.php(180): Illuminate\\Cookie\\Middleware\\AddQueuedCookiesToResponse->handle()
#11 /home/enriibvc/vinotasting.enricharcane.info/vendor/laravel/framework/src/Illuminate/Cookie/Middleware/EncryptCookies.php(67): Illuminate\\Pipeline\\Pipeline->Illuminate\\Pipeline\\{closure}()
#12 /home/enriibvc/vinotasting.enricharcane.info/vendor/laravel/framework/src/Illuminate/Pipeline/Pipeline.php(180): Illuminate\\Cookie\\Middleware\\EncryptCookies->handle()
#13 /home/enriibvc/vinotasting.enricharcane.info/vendor/laravel/framework/src/Illuminate/Pipeline/Pipeline.php(116): Illuminate\\Pipeline\\Pipeline->Illuminate\\Pipeline\\{closure}()
#14 /home/enriibvc/vinotasting.enricharcane.info/vendor/laravel/framework/src/Illuminate/Routing/Router.php(800): Illuminate\\Pipeline\\Pipeline->then()
#15 /home/enriibvc/vinotasting.enricharcane.info/vendor/laravel/framework/src/Illuminate/Routing/Router.php(777): Illuminate\\Routing\\Router->runRouteWithinStack()
#16 /home/enriibvc/vinotasting.enricharcane.info/vendor/laravel/framework/src/Illuminate/Routing/Router.php(741): Illuminate\\Routing\\Router->runRoute()
#17 /home/enriibvc/vinotasting.enricharcane.info/vendor/laravel/framework/src/Illuminate/Routing/Router.php(730): Illuminate\\Routing\\Router->dispatchToRoute()
#18 /home/enriibvc/vinotasting.enricharcane.info/vendor/laravel/framework/src/Illuminate/Foundation/Http/Kernel.php(200): Illuminate\\Routing\\Router->dispatch()
#19 /home/enriibvc/vinotasting.enricharcane.info/vendor/laravel/framework/src/Illuminate/Pipeline/Pipeline.php(141): Illuminate\\Foundation\\Http\\Kernel->Illuminate\\Foundation\\Http\\{closure}()
#20 /home/enriibvc/vinotasting.enricharcane.info/vendor/laravel/framework/src/Illuminate/Foundation/Http/Middleware/TransformsRequest.php(21): Illuminate\\Pipeline\\Pipeline->Illuminate\\Pipeline\\{closure}()
#21 /home/enriibvc/vinotasting.enricharcane.info/vendor/laravel/framework/src/Illuminate/Foundation/Http/Middleware/ConvertEmptyStringsToNull.php(31): Illuminate\\Foundation\\Http\\Middleware\\TransformsRequest->handle()
#22 /home/enriibvc/vinotasting.enricharcane.info/vendor/laravel/framework/src/Illuminate/Pipeline/Pipeline.php(180): Illuminate\\Foundation\\Http\\Middleware\\ConvertEmptyStringsToNull->handle()
#23 /home/enriibvc/vinotasting.enricharcane.info/vendor/laravel/framework/src/Illuminate/Foundation/Http/Middleware/TransformsRequest.php(21): Illuminate\\Pipeline\\Pipeline->Illuminate\\Pipeline\\{closure}()
#24 /home/enriibvc/vinotasting.enricharcane.info/vendor/laravel/framework/src/Illuminate/Foundation/Http/Middleware/TrimStrings.php(40): Illuminate\\Foundation\\Http\\Middleware\\TransformsRequest->handle()
#25 /home/enriibvc/vinotasting.enricharcane.info/vendor/laravel/framework/src/Illuminate/Pipeline/Pipeline.php(180): Illuminate\\Foundation\\Http\\Middleware\\TrimStrings->handle()
#26 /home/enriibvc/vinotasting.enricharcane.info/vendor/laravel/framework/src/Illuminate/Foundation/Http/Middleware/ValidatePostSize.php(27): Illuminate\\Pipeline\\Pipeline->Illuminate\\Pipeline\\{closure}()
#27 /home/enriibvc/vinotasting.enricharcane.info/vendor/laravel/framework/src/Illuminate/Pipeline/Pipeline.php(180): Illuminate\\Foundation\\Http\\Middleware\\ValidatePostSize->handle()
#28 /home/enriibvc/vinotasting.enricharcane.info/vendor/laravel/framework/src/Illuminate/Foundation/Http/Middleware/PreventRequestsDuringMaintenance.php(89): Illuminate\\Pipeline\\Pipeline->Illuminate\\Pipeline\\{closure}()
#29 /home/enriibvc/vinotasting.enricharcane.info/vendor/laravel/framework/src/Illuminate/Pipeline/Pipeline.php(180): Illuminate\\Foundation\\Http\\Middleware\\PreventRequestsDuringMaintenance->handle()
#30 /home/enriibvc/vinotasting.enricharcane.info/vendor/laravel/framework/src/Illuminate/Http/Middleware/HandleCors.php(49): Illuminate\\Pipeline\\Pipeline->Illuminate\\Pipeline\\{closure}()
#31 /home/enriibvc/vinotasting.enricharcane.info/vendor/laravel/framework/src/Illuminate/Pipeline/Pipeline.php(180): Illuminate\\Http\\Middleware\\HandleCors->handle()
#32 /home/enriibvc/vinotasting.enricharcane.info/vendor/laravel/framework/src/Illuminate/Http/Middleware/TrustProxies.php(39): Illuminate\\Pipeline\\Pipeline->Illuminate\\Pipeline\\{closure}()
#33 /home/enriibvc/vinotasting.enricharcane.info/vendor/laravel/framework/src/Illuminate/Pipeline/Pipeline.php(180): Illuminate\\Http\\Middleware\\TrustProxies->handle()
#34 /home/enriibvc/vinotasting.enricharcane.info/vendor/laravel/framework/src/Illuminate/Pipeline/Pipeline.php(116): Illuminate\\Pipeline\\Pipeline->Illuminate\\Pipeline\\{closure}()
#35 /home/enriibvc/vinotasting.enricharcane.info/vendor/laravel/framework/src/Illuminate/Foundation/Http/Kernel.php(175): Illuminate\\Pipeline\\Pipeline->then()
#36 /home/enriibvc/vinotasting.enricharcane.info/vendor/laravel/framework/src/Illuminate/Foundation/Http/Kernel.php(144): Illuminate\\Foundation\\Http\\Kernel->sendRequestThroughRouter()
#37 /home/enriibvc/vinotasting.enricharcane.info/public/index.php(52): Illuminate\\Foundation\\Http\\Kernel->handle()
#38 {main}
"} 
[2023-09-27 10:42:02] local.ERROR: Class "PDO" not found {"exception":"[object] (Error(code: 0): Class \"PDO\" not found at /home/enriibvc/vinotasting.enricharcane.info/vendor/laravel/framework/src/Illuminate/Database/Connection.php:1718)
[stacktrace]
#0 /home/enriibvc/vinotasting.enricharcane.info/vendor/laravel/framework/src/Illuminate/Database/Connectors/ConnectionFactory.php(265): Illuminate\\Database\\Connection::getResolver()
#1 /home/enriibvc/vinotasting.enricharcane.info/vendor/laravel/framework/src/Illuminate/Database/Connectors/ConnectionFactory.php(76): Illuminate\\Database\\Connectors\\ConnectionFactory->createConnection()
#2 /home/enriibvc/vinotasting.enricharcane.info/vendor/laravel/framework/src/Illuminate/Database/Connectors/ConnectionFactory.php(50): Illuminate\\Database\\Connectors\\ConnectionFactory->createSingleConnection()
#3 /home/enriibvc/vinotasting.enricharcane.info/vendor/laravel/framework/src/Illuminate/Database/DatabaseManager.php(152): Illuminate\\Database\\Connectors\\ConnectionFactory->make()
#4 /home/enriibvc/vinotasting.enricharcane.info/vendor/laravel/framework/src/Illuminate/Database/DatabaseManager.php(101): Illuminate\\Database\\DatabaseManager->makeConnection()
#5 /home/enriibvc/vinotasting.enricharcane.info/vendor/laravel/framework/src/Illuminate/Database/Eloquent/Model.php(1818): Illuminate\\Database\\DatabaseManager->connection()
#6 /home/enriibvc/vinotasting.enricharcane.info/vendor/laravel/framework/src/Illuminate/Database/Eloquent/Model.php(1784): Illuminate\\Database\\Eloquent\\Model::resolveConnection()
#7 /home/enriibvc/vinotasting.enricharcane.info/vendor/laravel/framework/src/Illuminate/Database/Eloquent/Model.php(1576): Illuminate\\Database\\Eloquent\\Model->getConnection()
#8 /home/enriibvc/vinotasting.enricharcane.info/vendor/laravel/framework/src/Illuminate/Database/Eloquent/Model.php(1495): Illuminate\\Database\\Eloquent\\Model->newBaseQueryBuilder()
#9 /home/enriibvc/vinotasting.enricharcane.info/vendor/laravel/framework/src/Illuminate/Database/Eloquent/Model.php(1531): Illuminate\\Database\\Eloquent\\Model->newModelQuery()
#10 /home/enriibvc/vinotasting.enricharcane.info/vendor/laravel/framework/src/Illuminate/Database/Eloquent/Model.php(1484): Illuminate\\Database\\Eloquent\\Model->newQueryWithoutScopes()
#11 /home/enriibvc/vinotasting.enricharcane.info/vendor/laravel/framework/src/Illuminate/Database/Eloquent/Model.php(2333): Illuminate\\Database\\Eloquent\\Model->newQuery()
#12 /home/enriibvc/vinotasting.enricharcane.info/vendor/laravel/framework/src/Illuminate/Database/Eloquent/Model.php(2345): Illuminate\\Database\\Eloquent\\Model->__call()
#13 /home/enriibvc/vinotasting.enricharcane.info/app/Http/Controllers/HomeController.php(40): Illuminate\\Database\\Eloquent\\Model::__callStatic()
#14 /home/enriibvc/vinotasting.enricharcane.info/vendor/laravel/framework/src/Illuminate/Routing/Controller.php(54): App\\Http\\Controllers\\HomeController->index()
#15 /home/enriibvc/vinotasting.enricharcane.info/vendor/laravel/framework/src/Illuminate/Routing/ControllerDispatcher.php(43): Illuminate\\Routing\\Controller->callAction()
#16 /home/enriibvc/vinotasting.enricharcane.info/vendor/laravel/framework/src/Illuminate/Routing/Route.php(260): Illuminate\\Routing\\ControllerDispatcher->dispatch()
#17 /home/enriibvc/vinotasting.enricharcane.info/vendor/laravel/framework/src/Illuminate/Routing/Route.php(205): Illuminate\\Routing\\Route->runController()
#18 /home/enriibvc/vinotasting.enricharcane.info/vendor/laravel/framework/src/Illuminate/Routing/Router.php(799): Illuminate\\Routing\\Route->run()
#19 /home/enriibvc/vinotasting.enricharcane.info/vendor/laravel/framework/src/Illuminate/Pipeline/Pipeline.php(141): Illuminate\\Routing\\Router->Illuminate\\Routing\\{closure}()
#20 /home/enriibvc/vinotasting.enricharcane.info/vendor/laravel/framework/src/Illuminate/Routing/Middleware/SubstituteBindings.php(50): Illuminate\\Pipeline\\Pipeline->Illuminate\\Pipeline\\{closure}()
#21 /home/enriibvc/vinotasting.enricharcane.info/vendor/laravel/framework/src/Illuminate/Pipeline/Pipeline.php(180): Illuminate\\Routing\\Middleware\\SubstituteBindings->handle()
#22 /home/enriibvc/vinotasting.enricharcane.info/vendor/laravel/framework/src/Illuminate/Foundation/Http/Middleware/VerifyCsrfToken.php(78): Illuminate\\Pipeline\\Pipeline->Illuminate\\Pipeline\\{closure}()
#23 /home/enriibvc/vinotasting.enricharcane.info/vendor/laravel/framework/src/Illuminate/Pipeline/Pipeline.php(180): Illuminate\\Foundation\\Http\\Middleware\\VerifyCsrfToken->handle()
#24 /home/enriibvc/vinotasting.enricharcane.info/vendor/laravel/framework/src/Illuminate/View/Middleware/ShareErrorsFromSession.php(49): Illuminate\\Pipeline\\Pipeline->Illuminate\\Pipeline\\{closure}()
#25 /home/enriibvc/vinotasting.enricharcane.info/vendor/laravel/framework/src/Illuminate/Pipeline/Pipeline.php(180): Illuminate\\View\\Middleware\\ShareErrorsFromSession->handle()
#26 /home/enriibvc/vinotasting.enricharcane.info/vendor/laravel/framework/src/Illuminate/Session/Middleware/StartSession.php(121): Illuminate\\Pipeline\\Pipeline->Illuminate\\Pipeline\\{closure}()
#27 /home/enriibvc/vinotasting.enricharcane.info/vendor/laravel/framework/src/Illuminate/Session/Middleware/StartSession.php(64): Illuminate\\Session\\Middleware\\StartSession->handleStatefulRequest()
#28 /home/enriibvc/vinotasting.enricharcane.info/vendor/laravel/framework/src/Illuminate/Pipeline/Pipeline.php(180): Illuminate\\Session\\Middleware\\StartSession->handle()
#29 /home/enriibvc/vinotasting.enricharcane.info/vendor/laravel/framework/src/Illuminate/Cookie/Middleware/AddQueuedCookiesToResponse.php(37): Illuminate\\Pipeline\\Pipeline->Illuminate\\Pipeline\\{closure}()
#30 /home/enriibvc/vinotasting.enricharcane.info/vendor/laravel/framework/src/Illuminate/Pipeline/Pipeline.php(180): Illuminate\\Cookie\\Middleware\\AddQueuedCookiesToResponse->handle()
#31 /home/enriibvc/vinotasting.enricharcane.info/vendor/laravel/framework/src/Illuminate/Cookie/Middleware/EncryptCookies.php(67): Illuminate\\Pipeline\\Pipeline->Illuminate\\Pipeline\\{closure}()
#32 /home/enriibvc/vinotasting.enricharcane.info/vendor/laravel/framework/src/Illuminate/Pipeline/Pipeline.php(180): Illuminate\\Cookie\\Middleware\\EncryptCookies->handle()
#33 /home/enriibvc/vinotasting.enricharcane.info/vendor/laravel/framework/src/Illuminate/Pipeline/Pipeline.php(116): Illuminate\\Pipeline\\Pipeline->Illuminate\\Pipeline\\{closure}()
#34 /home/enriibvc/vinotasting.enricharcane.info/vendor/laravel/framework/src/Illuminate/Routing/Router.php(800): Illuminate\\Pipeline\\Pipeline->then()
#35 /home/enriibvc/vinotasting.enricharcane.info/vendor/laravel/framework/src/Illuminate/Routing/Router.php(777): Illuminate\\Routing\\Router->runRouteWithinStack()
#36 /home/enriibvc/vinotasting.enricharcane.info/vendor/laravel/framework/src/Illuminate/Routing/Router.php(741): Illuminate\\Routing\\Router->runRoute()
#37 /home/enriibvc/vinotasting.enricharcane.info/vendor/laravel/framework/src/Illuminate/Routing/Router.php(730): Illuminate\\Routing\\Router->dispatchToRoute()
#38 /home/enriibvc/vinotasting.enricharcane.info/vendor/laravel/framework/src/Illuminate/Foundation/Http/Kernel.php(200): Illuminate\\Routing\\Router->dispatch()
#39 /home/enriibvc/vinotasting.enricharcane.info/vendor/laravel/framework/src/Illuminate/Pipeline/Pipeline.php(141): Illuminate\\Foundation\\Http\\Kernel->Illuminate\\Foundation\\Http\\{closure}()
#40 /home/enriibvc/vinotasting.enricharcane.info/vendor/laravel/framework/src/Illuminate/Foundation/Http/Middleware/TransformsRequest.php(21): Illuminate\\Pipeline\\Pipeline->Illuminate\\Pipeline\\{closure}()
#41 /home/enriibvc/vinotasting.enricharcane.info/vendor/laravel/framework/src/Illuminate/Foundation/Http/Middleware/ConvertEmptyStringsToNull.php(31): Illuminate\\Foundation\\Http\\Middleware\\TransformsRequest->handle()
#42 /home/enriibvc/vinotasting.enricharcane.info/vendor/laravel/framework/src/Illuminate/Pipeline/Pipeline.php(180): Illuminate\\Foundation\\Http\\Middleware\\ConvertEmptyStringsToNull->handle()
#43 /home/enriibvc/vinotasting.enricharcane.info/vendor/laravel/framework/src/Illuminate/Foundation/Http/Middleware/TransformsRequest.php(21): Illuminate\\Pipeline\\Pipeline->Illuminate\\Pipeline\\{closure}()
#44 /home/enriibvc/vinotasting.enricharcane.info/vendor/laravel/framework/src/Illuminate/Foundation/Http/Middleware/TrimStrings.php(40): Illuminate\\Foundation\\Http\\Middleware\\TransformsRequest->handle()
#45 /home/enriibvc/vinotasting.enricharcane.info/vendor/laravel/framework/src/Illuminate/Pipeline/Pipeline.php(180): Illuminate\\Foundation\\Http\\Middleware\\TrimStrings->handle()
#46 /home/enriibvc/vinotasting.enricharcane.info/vendor/laravel/framework/src/Illuminate/Foundation/Http/Middleware/ValidatePostSize.php(27): Illuminate\\Pipeline\\Pipeline->Illuminate\\Pipeline\\{closure}()
#47 /home/enriibvc/vinotasting.enricharcane.info/vendor/laravel/framework/src/Illuminate/Pipeline/Pipeline.php(180): Illuminate\\Foundation\\Http\\Middleware\\ValidatePostSize->handle()
#48 /home/enriibvc/vinotasting.enricharcane.info/vendor/laravel/framework/src/Illuminate/Foundation/Http/Middleware/PreventRequestsDuringMaintenance.php(89): Illuminate\\Pipeline\\Pipeline->Illuminate\\Pipeline\\{closure}()
#49 /home/enriibvc/vinotasting.enricharcane.info/vendor/laravel/framework/src/Illuminate/Pipeline/Pipeline.php(180): Illuminate\\Foundation\\Http\\Middleware\\PreventRequestsDuringMaintenance->handle()
#50 /home/enriibvc/vinotasting.enricharcane.info/vendor/laravel/framework/src/Illuminate/Http/Middleware/HandleCors.php(49): Illuminate\\Pipeline\\Pipeline->Illuminate\\Pipeline\\{closure}()
#51 /home/enriibvc/vinotasting.enricharcane.info/vendor/laravel/framework/src/Illuminate/Pipeline/Pipeline.php(180): Illuminate\\Http\\Middleware\\HandleCors->handle()
#52 /home/enriibvc/vinotasting.enricharcane.info/vendor/laravel/framework/src/Illuminate/Http/Middleware/TrustProxies.php(39): Illuminate\\Pipeline\\Pipeline->Illuminate\\Pipeline\\{closure}()
#53 /home/enriibvc/vinotasting.enricharcane.info/vendor/laravel/framework/src/Illuminate/Pipeline/Pipeline.php(180): Illuminate\\Http\\Middleware\\TrustProxies->handle()
#54 /home/enriibvc/vinotasting.enricharcane.info/vendor/laravel/framework/src/Illuminate/Pipeline/Pipeline.php(116): Illuminate\\Pipeline\\Pipeline->Illuminate\\Pipeline\\{closure}()
#55 /home/enriibvc/vinotasting.enricharcane.info/vendor/laravel/framework/src/Illuminate/Foundation/Http/Kernel.php(175): Illuminate\\Pipeline\\Pipeline->then()
#56 /home/enriibvc/vinotasting.enricharcane.info/vendor/laravel/framework/src/Illuminate/Foundation/Http/Kernel.php(144): Illuminate\\Foundation\\Http\\Kernel->sendRequestThroughRouter()
#57 /home/enriibvc/vinotasting.enricharcane.info/public/index.php(52): Illuminate\\Foundation\\Http\\Kernel->handle()
#58 {main}
"} 
[2023-09-27 10:42:02] local.ERROR: file_put_contents(C:\Users\Enrich upani\Desktop\JP-Cars\storage\framework/sessions/5SkUC7nIqsZlGY7tRy6BArQD6TUA7LYDzqkg6TCE): Failed to open stream: No such file or directory {"exception":"[object] (ErrorException(code: 0): file_put_contents(C:\\Users\\Enrich upani\\Desktop\\JP-Cars\\storage\\framework/sessions/5SkUC7nIqsZlGY7tRy6BArQD6TUA7LYDzqkg6TCE): Failed to open stream: No such file or directory at /home/enriibvc/vinotasting.enricharcane.info/vendor/laravel/framework/src/Illuminate/Filesystem/Filesystem.php:205)
[stacktrace]
#0 /home/enriibvc/vinotasting.enricharcane.info/vendor/laravel/framework/src/Illuminate/Foundation/Bootstrap/HandleExceptions.php(254): Illuminate\\Foundation\\Bootstrap\\HandleExceptions->handleError()
#1 [internal function]: Illuminate\\Foundation\\Bootstrap\\HandleExceptions->Illuminate\\Foundation\\Bootstrap\\{closure}()
#2 /home/enriibvc/vinotasting.enricharcane.info/vendor/laravel/framework/src/Illuminate/Filesystem/Filesystem.php(205): file_put_contents()
#3 /home/enriibvc/vinotasting.enricharcane.info/vendor/laravel/framework/src/Illuminate/Session/FileSessionHandler.php(90): Illuminate\\Filesystem\\Filesystem->put()
#4 /home/enriibvc/vinotasting.enricharcane.info/vendor/laravel/framework/src/Illuminate/Session/Store.php(173): Illuminate\\Session\\FileSessionHandler->write()
#5 /home/enriibvc/vinotasting.enricharcane.info/vendor/laravel/framework/src/Illuminate/Session/Middleware/StartSession.php(238): Illuminate\\Session\\Store->save()
#6 /home/enriibvc/vinotasting.enricharcane.info/vendor/laravel/framework/src/Illuminate/Session/Middleware/StartSession.php(130): Illuminate\\Session\\Middleware\\StartSession->saveSession()
#7 /home/enriibvc/vinotasting.enricharcane.info/vendor/laravel/framework/src/Illuminate/Session/Middleware/StartSession.php(64): Illuminate\\Session\\Middleware\\StartSession->handleStatefulRequest()
#8 /home/enriibvc/vinotasting.enricharcane.info/vendor/laravel/framework/src/Illuminate/Pipeline/Pipeline.php(180): Illuminate\\Session\\Middleware\\StartSession->handle()
#9 /home/enriibvc/vinotasting.enricharcane.info/vendor/laravel/framework/src/Illuminate/Cookie/Middleware/AddQueuedCookiesToResponse.php(37): Illuminate\\Pipeline\\Pipeline->Illuminate\\Pipeline\\{closure}()
#10 /home/enriibvc/vinotasting.enricharcane.info/vendor/laravel/framework/src/Illuminate/Pipeline/Pipeline.php(180): Illuminate\\Cookie\\Middleware\\AddQueuedCookiesToResponse->handle()
#11 /home/enriibvc/vinotasting.enricharcane.info/vendor/laravel/framework/src/Illuminate/Cookie/Middleware/EncryptCookies.php(67): Illuminate\\Pipeline\\Pipeline->Illuminate\\Pipeline\\{closure}()
#12 /home/enriibvc/vinotasting.enricharcane.info/vendor/laravel/framework/src/Illuminate/Pipeline/Pipeline.php(180): Illuminate\\Cookie\\Middleware\\EncryptCookies->handle()
#13 /home/enriibvc/vinotasting.enricharcane.info/vendor/laravel/framework/src/Illuminate/Pipeline/Pipeline.php(116): Illuminate\\Pipeline\\Pipeline->Illuminate\\Pipeline\\{closure}()
#14 /home/enriibvc/vinotasting.enricharcane.info/vendor/laravel/framework/src/Illuminate/Routing/Router.php(800): Illuminate\\Pipeline\\Pipeline->then()
#15 /home/enriibvc/vinotasting.enricharcane.info/vendor/laravel/framework/src/Illuminate/Routing/Router.php(777): Illuminate\\Routing\\Router->runRouteWithinStack()
#16 /home/enriibvc/vinotasting.enricharcane.info/vendor/laravel/framework/src/Illuminate/Routing/Router.php(741): Illuminate\\Routing\\Router->runRoute()
#17 /home/enriibvc/vinotasting.enricharcane.info/vendor/laravel/framework/src/Illuminate/Routing/Router.php(730): Illuminate\\Routing\\Router->dispatchToRoute()
#18 /home/enriibvc/vinotasting.enricharcane.info/vendor/laravel/framework/src/Illuminate/Foundation/Http/Kernel.php(200): Illuminate\\Routing\\Router->dispatch()
#19 /home/enriibvc/vinotasting.enricharcane.info/vendor/laravel/framework/src/Illuminate/Pipeline/Pipeline.php(141): Illuminate\\Foundation\\Http\\Kernel->Illuminate\\Foundation\\Http\\{closure}()
#20 /home/enriibvc/vinotasting.enricharcane.info/vendor/laravel/framework/src/Illuminate/Foundation/Http/Middleware/TransformsRequest.php(21): Illuminate\\Pipeline\\Pipeline->Illuminate\\Pipeline\\{closure}()
#21 /home/enriibvc/vinotasting.enricharcane.info/vendor/laravel/framework/src/Illuminate/Foundation/Http/Middleware/ConvertEmptyStringsToNull.php(31): Illuminate\\Foundation\\Http\\Middleware\\TransformsRequest->handle()
#22 /home/enriibvc/vinotasting.enricharcane.info/vendor/laravel/framework/src/Illuminate/Pipeline/Pipeline.php(180): Illuminate\\Foundation\\Http\\Middleware\\ConvertEmptyStringsToNull->handle()
#23 /home/enriibvc/vinotasting.enricharcane.info/vendor/laravel/framework/src/Illuminate/Foundation/Http/Middleware/TransformsRequest.php(21): Illuminate\\Pipeline\\Pipeline->Illuminate\\Pipeline\\{closure}()
#24 /home/enriibvc/vinotasting.enricharcane.info/vendor/laravel/framework/src/Illuminate/Foundation/Http/Middleware/TrimStrings.php(40): Illuminate\\Foundation\\Http\\Middleware\\TransformsRequest->handle()
#25 /home/enriibvc/vinotasting.enricharcane.info/vendor/laravel/framework/src/Illuminate/Pipeline/Pipeline.php(180): Illuminate\\Foundation\\Http\\Middleware\\TrimStrings->handle()
#26 /home/enriibvc/vinotasting.enricharcane.info/vendor/laravel/framework/src/Illuminate/Foundation/Http/Middleware/ValidatePostSize.php(27): Illuminate\\Pipeline\\Pipeline->Illuminate\\Pipeline\\{closure}()
#27 /home/enriibvc/vinotasting.enricharcane.info/vendor/laravel/framework/src/Illuminate/Pipeline/Pipeline.php(180): Illuminate\\Foundation\\Http\\Middleware\\ValidatePostSize->handle()
#28 /home/enriibvc/vinotasting.enricharcane.info/vendor/laravel/framework/src/Illuminate/Foundation/Http/Middleware/PreventRequestsDuringMaintenance.php(89): Illuminate\\Pipeline\\Pipeline->Illuminate\\Pipeline\\{closure}()
#29 /home/enriibvc/vinotasting.enricharcane.info/vendor/laravel/framework/src/Illuminate/Pipeline/Pipeline.php(180): Illuminate\\Foundation\\Http\\Middleware\\PreventRequestsDuringMaintenance->handle()
#30 /home/enriibvc/vinotasting.enricharcane.info/vendor/laravel/framework/src/Illuminate/Http/Middleware/HandleCors.php(49): Illuminate\\Pipeline\\Pipeline->Illuminate\\Pipeline\\{closure}()
#31 /home/enriibvc/vinotasting.enricharcane.info/vendor/laravel/framework/src/Illuminate/Pipeline/Pipeline.php(180): Illuminate\\Http\\Middleware\\HandleCors->handle()
#32 /home/enriibvc/vinotasting.enricharcane.info/vendor/laravel/framework/src/Illuminate/Http/Middleware/TrustProxies.php(39): Illuminate\\Pipeline\\Pipeline->Illuminate\\Pipeline\\{closure}()
#33 /home/enriibvc/vinotasting.enricharcane.info/vendor/laravel/framework/src/Illuminate/Pipeline/Pipeline.php(180): Illuminate\\Http\\Middleware\\TrustProxies->handle()
#34 /home/enriibvc/vinotasting.enricharcane.info/vendor/laravel/framework/src/Illuminate/Pipeline/Pipeline.php(116): Illuminate\\Pipeline\\Pipeline->Illuminate\\Pipeline\\{closure}()
#35 /home/enriibvc/vinotasting.enricharcane.info/vendor/laravel/framework/src/Illuminate/Foundation/Http/Kernel.php(175): Illuminate\\Pipeline\\Pipeline->then()
#36 /home/enriibvc/vinotasting.enricharcane.info/vendor/laravel/framework/src/Illuminate/Foundation/Http/Kernel.php(144): Illuminate\\Foundation\\Http\\Kernel->sendRequestThroughRouter()
#37 /home/enriibvc/vinotasting.enricharcane.info/public/index.php(52): Illuminate\\Foundation\\Http\\Kernel->handle()
#38 {main}
"} 
[2023-09-27 10:42:47] local.ERROR: Class "PDO" not found {"exception":"[object] (Error(code: 0): Class \"PDO\" not found at /home/enriibvc/vinotasting.enricharcane.info/vendor/laravel/framework/src/Illuminate/Database/Connection.php:1718)
[stacktrace]
#0 /home/enriibvc/vinotasting.enricharcane.info/vendor/laravel/framework/src/Illuminate/Database/Connectors/ConnectionFactory.php(265): Illuminate\\Database\\Connection::getResolver()
#1 /home/enriibvc/vinotasting.enricharcane.info/vendor/laravel/framework/src/Illuminate/Database/Connectors/ConnectionFactory.php(76): Illuminate\\Database\\Connectors\\ConnectionFactory->createConnection()
#2 /home/enriibvc/vinotasting.enricharcane.info/vendor/laravel/framework/src/Illuminate/Database/Connectors/ConnectionFactory.php(50): Illuminate\\Database\\Connectors\\ConnectionFactory->createSingleConnection()
#3 /home/enriibvc/vinotasting.enricharcane.info/vendor/laravel/framework/src/Illuminate/Database/DatabaseManager.php(152): Illuminate\\Database\\Connectors\\ConnectionFactory->make()
#4 /home/enriibvc/vinotasting.enricharcane.info/vendor/laravel/framework/src/Illuminate/Database/DatabaseManager.php(101): Illuminate\\Database\\DatabaseManager->makeConnection()
#5 /home/enriibvc/vinotasting.enricharcane.info/vendor/laravel/framework/src/Illuminate/Database/Eloquent/Model.php(1818): Illuminate\\Database\\DatabaseManager->connection()
#6 /home/enriibvc/vinotasting.enricharcane.info/vendor/laravel/framework/src/Illuminate/Database/Eloquent/Model.php(1784): Illuminate\\Database\\Eloquent\\Model::resolveConnection()
#7 /home/enriibvc/vinotasting.enricharcane.info/vendor/laravel/framework/src/Illuminate/Database/Eloquent/Model.php(1576): Illuminate\\Database\\Eloquent\\Model->getConnection()
#8 /home/enriibvc/vinotasting.enricharcane.info/vendor/laravel/framework/src/Illuminate/Database/Eloquent/Model.php(1495): Illuminate\\Database\\Eloquent\\Model->newBaseQueryBuilder()
#9 /home/enriibvc/vinotasting.enricharcane.info/vendor/laravel/framework/src/Illuminate/Database/Eloquent/Model.php(1531): Illuminate\\Database\\Eloquent\\Model->newModelQuery()
#10 /home/enriibvc/vinotasting.enricharcane.info/vendor/laravel/framework/src/Illuminate/Database/Eloquent/Model.php(1484): Illuminate\\Database\\Eloquent\\Model->newQueryWithoutScopes()
#11 /home/enriibvc/vinotasting.enricharcane.info/vendor/laravel/framework/src/Illuminate/Database/Eloquent/Model.php(2333): Illuminate\\Database\\Eloquent\\Model->newQuery()
#12 /home/enriibvc/vinotasting.enricharcane.info/vendor/laravel/framework/src/Illuminate/Database/Eloquent/Model.php(2345): Illuminate\\Database\\Eloquent\\Model->__call()
#13 /home/enriibvc/vinotasting.enricharcane.info/app/Http/Controllers/HomeController.php(40): Illuminate\\Database\\Eloquent\\Model::__callStatic()
#14 /home/enriibvc/vinotasting.enricharcane.info/vendor/laravel/framework/src/Illuminate/Routing/Controller.php(54): App\\Http\\Controllers\\HomeController->index()
#15 /home/enriibvc/vinotasting.enricharcane.info/vendor/laravel/framework/src/Illuminate/Routing/ControllerDispatcher.php(43): Illuminate\\Routing\\Controller->callAction()
#16 /home/enriibvc/vinotasting.enricharcane.info/vendor/laravel/framework/src/Illuminate/Routing/Route.php(260): Illuminate\\Routing\\ControllerDispatcher->dispatch()
#17 /home/enriibvc/vinotasting.enricharcane.info/vendor/laravel/framework/src/Illuminate/Routing/Route.php(205): Illuminate\\Routing\\Route->runController()
#18 /home/enriibvc/vinotasting.enricharcane.info/vendor/laravel/framework/src/Illuminate/Routing/Router.php(799): Illuminate\\Routing\\Route->run()
#19 /home/enriibvc/vinotasting.enricharcane.info/vendor/laravel/framework/src/Illuminate/Pipeline/Pipeline.php(141): Illuminate\\Routing\\Router->Illuminate\\Routing\\{closure}()
#20 /home/enriibvc/vinotasting.enricharcane.info/vendor/laravel/framework/src/Illuminate/Routing/Middleware/SubstituteBindings.php(50): Illuminate\\Pipeline\\Pipeline->Illuminate\\Pipeline\\{closure}()
#21 /home/enriibvc/vinotasting.enricharcane.info/vendor/laravel/framework/src/Illuminate/Pipeline/Pipeline.php(180): Illuminate\\Routing\\Middleware\\SubstituteBindings->handle()
#22 /home/enriibvc/vinotasting.enricharcane.info/vendor/laravel/framework/src/Illuminate/Foundation/Http/Middleware/VerifyCsrfToken.php(78): Illuminate\\Pipeline\\Pipeline->Illuminate\\Pipeline\\{closure}()
#23 /home/enriibvc/vinotasting.enricharcane.info/vendor/laravel/framework/src/Illuminate/Pipeline/Pipeline.php(180): Illuminate\\Foundation\\Http\\Middleware\\VerifyCsrfToken->handle()
#24 /home/enriibvc/vinotasting.enricharcane.info/vendor/laravel/framework/src/Illuminate/View/Middleware/ShareErrorsFromSession.php(49): Illuminate\\Pipeline\\Pipeline->Illuminate\\Pipeline\\{closure}()
#25 /home/enriibvc/vinotasting.enricharcane.info/vendor/laravel/framework/src/Illuminate/Pipeline/Pipeline.php(180): Illuminate\\View\\Middleware\\ShareErrorsFromSession->handle()
#26 /home/enriibvc/vinotasting.enricharcane.info/vendor/laravel/framework/src/Illuminate/Session/Middleware/StartSession.php(121): Illuminate\\Pipeline\\Pipeline->Illuminate\\Pipeline\\{closure}()
#27 /home/enriibvc/vinotasting.enricharcane.info/vendor/laravel/framework/src/Illuminate/Session/Middleware/StartSession.php(64): Illuminate\\Session\\Middleware\\StartSession->handleStatefulRequest()
#28 /home/enriibvc/vinotasting.enricharcane.info/vendor/laravel/framework/src/Illuminate/Pipeline/Pipeline.php(180): Illuminate\\Session\\Middleware\\StartSession->handle()
#29 /home/enriibvc/vinotasting.enricharcane.info/vendor/laravel/framework/src/Illuminate/Cookie/Middleware/AddQueuedCookiesToResponse.php(37): Illuminate\\Pipeline\\Pipeline->Illuminate\\Pipeline\\{closure}()
#30 /home/enriibvc/vinotasting.enricharcane.info/vendor/laravel/framework/src/Illuminate/Pipeline/Pipeline.php(180): Illuminate\\Cookie\\Middleware\\AddQueuedCookiesToResponse->handle()
#31 /home/enriibvc/vinotasting.enricharcane.info/vendor/laravel/framework/src/Illuminate/Cookie/Middleware/EncryptCookies.php(67): Illuminate\\Pipeline\\Pipeline->Illuminate\\Pipeline\\{closure}()
#32 /home/enriibvc/vinotasting.enricharcane.info/vendor/laravel/framework/src/Illuminate/Pipeline/Pipeline.php(180): Illuminate\\Cookie\\Middleware\\EncryptCookies->handle()
#33 /home/enriibvc/vinotasting.enricharcane.info/vendor/laravel/framework/src/Illuminate/Pipeline/Pipeline.php(116): Illuminate\\Pipeline\\Pipeline->Illuminate\\Pipeline\\{closure}()
#34 /home/enriibvc/vinotasting.enricharcane.info/vendor/laravel/framework/src/Illuminate/Routing/Router.php(800): Illuminate\\Pipeline\\Pipeline->then()
#35 /home/enriibvc/vinotasting.enricharcane.info/vendor/laravel/framework/src/Illuminate/Routing/Router.php(777): Illuminate\\Routing\\Router->runRouteWithinStack()
#36 /home/enriibvc/vinotasting.enricharcane.info/vendor/laravel/framework/src/Illuminate/Routing/Router.php(741): Illuminate\\Routing\\Router->runRoute()
#37 /home/enriibvc/vinotasting.enricharcane.info/vendor/laravel/framework/src/Illuminate/Routing/Router.php(730): Illuminate\\Routing\\Router->dispatchToRoute()
#38 /home/enriibvc/vinotasting.enricharcane.info/vendor/laravel/framework/src/Illuminate/Foundation/Http/Kernel.php(200): Illuminate\\Routing\\Router->dispatch()
#39 /home/enriibvc/vinotasting.enricharcane.info/vendor/laravel/framework/src/Illuminate/Pipeline/Pipeline.php(141): Illuminate\\Foundation\\Http\\Kernel->Illuminate\\Foundation\\Http\\{closure}()
#40 /home/enriibvc/vinotasting.enricharcane.info/vendor/laravel/framework/src/Illuminate/Foundation/Http/Middleware/TransformsRequest.php(21): Illuminate\\Pipeline\\Pipeline->Illuminate\\Pipeline\\{closure}()
#41 /home/enriibvc/vinotasting.enricharcane.info/vendor/laravel/framework/src/Illuminate/Foundation/Http/Middleware/ConvertEmptyStringsToNull.php(31): Illuminate\\Foundation\\Http\\Middleware\\TransformsRequest->handle()
#42 /home/enriibvc/vinotasting.enricharcane.info/vendor/laravel/framework/src/Illuminate/Pipeline/Pipeline.php(180): Illuminate\\Foundation\\Http\\Middleware\\ConvertEmptyStringsToNull->handle()
#43 /home/enriibvc/vinotasting.enricharcane.info/vendor/laravel/framework/src/Illuminate/Foundation/Http/Middleware/TransformsRequest.php(21): Illuminate\\Pipeline\\Pipeline->Illuminate\\Pipeline\\{closure}()
#44 /home/enriibvc/vinotasting.enricharcane.info/vendor/laravel/framework/src/Illuminate/Foundation/Http/Middleware/TrimStrings.php(40): Illuminate\\Foundation\\Http\\Middleware\\TransformsRequest->handle()
#45 /home/enriibvc/vinotasting.enricharcane.info/vendor/laravel/framework/src/Illuminate/Pipeline/Pipeline.php(180): Illuminate\\Foundation\\Http\\Middleware\\TrimStrings->handle()
#46 /home/enriibvc/vinotasting.enricharcane.info/vendor/laravel/framework/src/Illuminate/Foundation/Http/Middleware/ValidatePostSize.php(27): Illuminate\\Pipeline\\Pipeline->Illuminate\\Pipeline\\{closure}()
#47 /home/enriibvc/vinotasting.enricharcane.info/vendor/laravel/framework/src/Illuminate/Pipeline/Pipeline.php(180): Illuminate\\Foundation\\Http\\Middleware\\ValidatePostSize->handle()
#48 /home/enriibvc/vinotasting.enricharcane.info/vendor/laravel/framework/src/Illuminate/Foundation/Http/Middleware/PreventRequestsDuringMaintenance.php(89): Illuminate\\Pipeline\\Pipeline->Illuminate\\Pipeline\\{closure}()
#49 /home/enriibvc/vinotasting.enricharcane.info/vendor/laravel/framework/src/Illuminate/Pipeline/Pipeline.php(180): Illuminate\\Foundation\\Http\\Middleware\\PreventRequestsDuringMaintenance->handle()
#50 /home/enriibvc/vinotasting.enricharcane.info/vendor/laravel/framework/src/Illuminate/Http/Middleware/HandleCors.php(49): Illuminate\\Pipeline\\Pipeline->Illuminate\\Pipeline\\{closure}()
#51 /home/enriibvc/vinotasting.enricharcane.info/vendor/laravel/framework/src/Illuminate/Pipeline/Pipeline.php(180): Illuminate\\Http\\Middleware\\HandleCors->handle()
#52 /home/enriibvc/vinotasting.enricharcane.info/vendor/laravel/framework/src/Illuminate/Http/Middleware/TrustProxies.php(39): Illuminate\\Pipeline\\Pipeline->Illuminate\\Pipeline\\{closure}()
#53 /home/enriibvc/vinotasting.enricharcane.info/vendor/laravel/framework/src/Illuminate/Pipeline/Pipeline.php(180): Illuminate\\Http\\Middleware\\TrustProxies->handle()
#54 /home/enriibvc/vinotasting.enricharcane.info/vendor/laravel/framework/src/Illuminate/Pipeline/Pipeline.php(116): Illuminate\\Pipeline\\Pipeline->Illuminate\\Pipeline\\{closure}()
#55 /home/enriibvc/vinotasting.enricharcane.info/vendor/laravel/framework/src/Illuminate/Foundation/Http/Kernel.php(175): Illuminate\\Pipeline\\Pipeline->then()
#56 /home/enriibvc/vinotasting.enricharcane.info/vendor/laravel/framework/src/Illuminate/Foundation/Http/Kernel.php(144): Illuminate\\Foundation\\Http\\Kernel->sendRequestThroughRouter()
#57 /home/enriibvc/vinotasting.enricharcane.info/public/index.php(52): Illuminate\\Foundation\\Http\\Kernel->handle()
#58 {main}
"} 
[2023-09-27 10:42:47] local.ERROR: file_put_contents(C:\Users\Enrich upani\Desktop\JP-Cars\storage\framework/sessions/1qRPD7mwTvjszbwnAsgZrv6j9l9y94b4w3ycmUFA): Failed to open stream: No such file or directory {"exception":"[object] (ErrorException(code: 0): file_put_contents(C:\\Users\\Enrich upani\\Desktop\\JP-Cars\\storage\\framework/sessions/1qRPD7mwTvjszbwnAsgZrv6j9l9y94b4w3ycmUFA): Failed to open stream: No such file or directory at /home/enriibvc/vinotasting.enricharcane.info/vendor/laravel/framework/src/Illuminate/Filesystem/Filesystem.php:205)
[stacktrace]
#0 /home/enriibvc/vinotasting.enricharcane.info/vendor/laravel/framework/src/Illuminate/Foundation/Bootstrap/HandleExceptions.php(254): Illuminate\\Foundation\\Bootstrap\\HandleExceptions->handleError()
#1 [internal function]: Illuminate\\Foundation\\Bootstrap\\HandleExceptions->Illuminate\\Foundation\\Bootstrap\\{closure}()
#2 /home/enriibvc/vinotasting.enricharcane.info/vendor/laravel/framework/src/Illuminate/Filesystem/Filesystem.php(205): file_put_contents()
#3 /home/enriibvc/vinotasting.enricharcane.info/vendor/laravel/framework/src/Illuminate/Session/FileSessionHandler.php(90): Illuminate\\Filesystem\\Filesystem->put()
#4 /home/enriibvc/vinotasting.enricharcane.info/vendor/laravel/framework/src/Illuminate/Session/Store.php(173): Illuminate\\Session\\FileSessionHandler->write()
#5 /home/enriibvc/vinotasting.enricharcane.info/vendor/laravel/framework/src/Illuminate/Session/Middleware/StartSession.php(238): Illuminate\\Session\\Store->save()
#6 /home/enriibvc/vinotasting.enricharcane.info/vendor/laravel/framework/src/Illuminate/Session/Middleware/StartSession.php(130): Illuminate\\Session\\Middleware\\StartSession->saveSession()
#7 /home/enriibvc/vinotasting.enricharcane.info/vendor/laravel/framework/src/Illuminate/Session/Middleware/StartSession.php(64): Illuminate\\Session\\Middleware\\StartSession->handleStatefulRequest()
#8 /home/enriibvc/vinotasting.enricharcane.info/vendor/laravel/framework/src/Illuminate/Pipeline/Pipeline.php(180): Illuminate\\Session\\Middleware\\StartSession->handle()
#9 /home/enriibvc/vinotasting.enricharcane.info/vendor/laravel/framework/src/Illuminate/Cookie/Middleware/AddQueuedCookiesToResponse.php(37): Illuminate\\Pipeline\\Pipeline->Illuminate\\Pipeline\\{closure}()
#10 /home/enriibvc/vinotasting.enricharcane.info/vendor/laravel/framework/src/Illuminate/Pipeline/Pipeline.php(180): Illuminate\\Cookie\\Middleware\\AddQueuedCookiesToResponse->handle()
#11 /home/enriibvc/vinotasting.enricharcane.info/vendor/laravel/framework/src/Illuminate/Cookie/Middleware/EncryptCookies.php(67): Illuminate\\Pipeline\\Pipeline->Illuminate\\Pipeline\\{closure}()
#12 /home/enriibvc/vinotasting.enricharcane.info/vendor/laravel/framework/src/Illuminate/Pipeline/Pipeline.php(180): Illuminate\\Cookie\\Middleware\\EncryptCookies->handle()
#13 /home/enriibvc/vinotasting.enricharcane.info/vendor/laravel/framework/src/Illuminate/Pipeline/Pipeline.php(116): Illuminate\\Pipeline\\Pipeline->Illuminate\\Pipeline\\{closure}()
#14 /home/enriibvc/vinotasting.enricharcane.info/vendor/laravel/framework/src/Illuminate/Routing/Router.php(800): Illuminate\\Pipeline\\Pipeline->then()
#15 /home/enriibvc/vinotasting.enricharcane.info/vendor/laravel/framework/src/Illuminate/Routing/Router.php(777): Illuminate\\Routing\\Router->runRouteWithinStack()
#16 /home/enriibvc/vinotasting.enricharcane.info/vendor/laravel/framework/src/Illuminate/Routing/Router.php(741): Illuminate\\Routing\\Router->runRoute()
#17 /home/enriibvc/vinotasting.enricharcane.info/vendor/laravel/framework/src/Illuminate/Routing/Router.php(730): Illuminate\\Routing\\Router->dispatchToRoute()
#18 /home/enriibvc/vinotasting.enricharcane.info/vendor/laravel/framework/src/Illuminate/Foundation/Http/Kernel.php(200): Illuminate\\Routing\\Router->dispatch()
#19 /home/enriibvc/vinotasting.enricharcane.info/vendor/laravel/framework/src/Illuminate/Pipeline/Pipeline.php(141): Illuminate\\Foundation\\Http\\Kernel->Illuminate\\Foundation\\Http\\{closure}()
#20 /home/enriibvc/vinotasting.enricharcane.info/vendor/laravel/framework/src/Illuminate/Foundation/Http/Middleware/TransformsRequest.php(21): Illuminate\\Pipeline\\Pipeline->Illuminate\\Pipeline\\{closure}()
#21 /home/enriibvc/vinotasting.enricharcane.info/vendor/laravel/framework/src/Illuminate/Foundation/Http/Middleware/ConvertEmptyStringsToNull.php(31): Illuminate\\Foundation\\Http\\Middleware\\TransformsRequest->handle()
#22 /home/enriibvc/vinotasting.enricharcane.info/vendor/laravel/framework/src/Illuminate/Pipeline/Pipeline.php(180): Illuminate\\Foundation\\Http\\Middleware\\ConvertEmptyStringsToNull->handle()
#23 /home/enriibvc/vinotasting.enricharcane.info/vendor/laravel/framework/src/Illuminate/Foundation/Http/Middleware/TransformsRequest.php(21): Illuminate\\Pipeline\\Pipeline->Illuminate\\Pipeline\\{closure}()
#24 /home/enriibvc/vinotasting.enricharcane.info/vendor/laravel/framework/src/Illuminate/Foundation/Http/Middleware/TrimStrings.php(40): Illuminate\\Foundation\\Http\\Middleware\\TransformsRequest->handle()
#25 /home/enriibvc/vinotasting.enricharcane.info/vendor/laravel/framework/src/Illuminate/Pipeline/Pipeline.php(180): Illuminate\\Foundation\\Http\\Middleware\\TrimStrings->handle()
#26 /home/enriibvc/vinotasting.enricharcane.info/vendor/laravel/framework/src/Illuminate/Foundation/Http/Middleware/ValidatePostSize.php(27): Illuminate\\Pipeline\\Pipeline->Illuminate\\Pipeline\\{closure}()
#27 /home/enriibvc/vinotasting.enricharcane.info/vendor/laravel/framework/src/Illuminate/Pipeline/Pipeline.php(180): Illuminate\\Foundation\\Http\\Middleware\\ValidatePostSize->handle()
#28 /home/enriibvc/vinotasting.enricharcane.info/vendor/laravel/framework/src/Illuminate/Foundation/Http/Middleware/PreventRequestsDuringMaintenance.php(89): Illuminate\\Pipeline\\Pipeline->Illuminate\\Pipeline\\{closure}()
#29 /home/enriibvc/vinotasting.enricharcane.info/vendor/laravel/framework/src/Illuminate/Pipeline/Pipeline.php(180): Illuminate\\Foundation\\Http\\Middleware\\PreventRequestsDuringMaintenance->handle()
#30 /home/enriibvc/vinotasting.enricharcane.info/vendor/laravel/framework/src/Illuminate/Http/Middleware/HandleCors.php(49): Illuminate\\Pipeline\\Pipeline->Illuminate\\Pipeline\\{closure}()
#31 /home/enriibvc/vinotasting.enricharcane.info/vendor/laravel/framework/src/Illuminate/Pipeline/Pipeline.php(180): Illuminate\\Http\\Middleware\\HandleCors->handle()
#32 /home/enriibvc/vinotasting.enricharcane.info/vendor/laravel/framework/src/Illuminate/Http/Middleware/TrustProxies.php(39): Illuminate\\Pipeline\\Pipeline->Illuminate\\Pipeline\\{closure}()
#33 /home/enriibvc/vinotasting.enricharcane.info/vendor/laravel/framework/src/Illuminate/Pipeline/Pipeline.php(180): Illuminate\\Http\\Middleware\\TrustProxies->handle()
#34 /home/enriibvc/vinotasting.enricharcane.info/vendor/laravel/framework/src/Illuminate/Pipeline/Pipeline.php(116): Illuminate\\Pipeline\\Pipeline->Illuminate\\Pipeline\\{closure}()
#35 /home/enriibvc/vinotasting.enricharcane.info/vendor/laravel/framework/src/Illuminate/Foundation/Http/Kernel.php(175): Illuminate\\Pipeline\\Pipeline->then()
#36 /home/enriibvc/vinotasting.enricharcane.info/vendor/laravel/framework/src/Illuminate/Foundation/Http/Kernel.php(144): Illuminate\\Foundation\\Http\\Kernel->sendRequestThroughRouter()
#37 /home/enriibvc/vinotasting.enricharcane.info/public/index.php(52): Illuminate\\Foundation\\Http\\Kernel->handle()
#38 {main}
"} 
